2022-09-16 16:57:53 - PHP Notice:  Undefined index: HTTP_ACCEPT in /home/xandr4ik/web/dev.bilios.ua/public_html/catalog/controller/extension/module/fast_images.php on line 79
2022-09-16 17:15:21 - PHP Notice:  Undefined index: HTTP_ACCEPT in /home/xandr4ik/web/dev.bilios.ua/public_html/catalog/controller/extension/module/fast_images.php on line 79
2022-09-16 19:08:18 - PHP Notice:  Undefined index: HTTP_ACCEPT in /home/xandr4ik/web/dev.bilios.ua/public_html/catalog/controller/extension/module/fast_images.php on line 79
2022-09-17 1:12:20 - PHP Notice:  Undefined index: HTTP_ACCEPT in /home/xandr4ik/web/dev.bilios.ua/public_html/catalog/controller/extension/module/fast_images.php on line 79
2022-09-17 1:53:32 - PHP Notice:  Undefined index: HTTP_ACCEPT in /home/xandr4ik/web/dev.bilios.ua/public_html/catalog/controller/extension/module/fast_images.php on line 79
2022-09-17 12:52:18 - PHP Notice:  Undefined index: HTTP_ACCEPT in /home/xandr4ik/web/dev.bilios.ua/public_html/catalog/controller/extension/module/fast_images.php on line 79
2022-09-17 15:53:12 - PHP Notice:  Undefined index: HTTP_ACCEPT in /home/xandr4ik/web/dev.bilios.ua/public_html/catalog/controller/extension/module/fast_images.php on line 79
2022-09-17 15:55:43 - PHP Notice:  Undefined index: HTTP_ACCEPT in /home/xandr4ik/web/dev.bilios.ua/public_html/catalog/controller/extension/module/fast_images.php on line 79
2022-09-18 5:50:28 - PHP Notice:  Undefined index: HTTP_ACCEPT in /home/xandr4ik/web/dev.bilios.ua/public_html/catalog/controller/extension/module/fast_images.php on line 79
2022-09-18 14:21:05 - PHP Notice:  Undefined index: HTTP_ACCEPT in /home/xandr4ik/web/dev.bilios.ua/public_html/catalog/controller/extension/module/fast_images.php on line 79
2022-09-19 12:15:19 - PHP Notice:  Undefined index: HTTP_ACCEPT in /home/xandr4ik/web/dev.bilios.ua/public_html/catalog/controller/extension/module/fast_images.php on line 79
2022-09-20 7:45:22 - PHP Notice:  Undefined index: HTTP_ACCEPT in /home/xandr4ik/web/dev.bilios.ua/public_html/catalog/controller/extension/module/fast_images.php on line 79
2022-09-24 8:29:46 - PHP Notice:  Undefined index: HTTP_ACCEPT in /home/xandr4ik/web/dev.bilios.ua/public_html/catalog/controller/extension/module/fast_images.php on line 79
2022-09-24 12:48:11 - PHP Notice:  Undefined index: HTTP_ACCEPT in /home/xandr4ik/web/dev.bilios.ua/public_html/catalog/controller/extension/module/fast_images.php on line 79
2022-09-27 8:21:20 - PHP Notice:  Undefined index: HTTP_ACCEPT in /home/xandr4ik/web/dev.bilios.ua/public_html/catalog/controller/extension/module/fast_images.php on line 79
2022-09-27 17:50:54 - PHP Notice:  Undefined index: HTTP_ACCEPT in /home/xandr4ik/web/dev.bilios.ua/public_html/catalog/controller/extension/module/fast_images.php on line 79
2022-09-28 11:44:01 - PHP Notice:  Undefined index: simple_settings in /home/xandr4ik/web/dev.bilios.ua/public_html/admin/controller/extension/module/simple.php on line 1267
2022-09-28 11:45:18 - PHP Notice:  Undefined index: simple_settings in /home/xandr4ik/web/dev.bilios.ua/public_html/admin/controller/extension/module/simple.php on line 1267
2022-09-28 11:46:03 - PHP Notice:  Undefined index: simple_settings in /home/xandr4ik/web/dev.bilios.ua/public_html/admin/controller/extension/module/simple.php on line 1267
2022-09-28 21:46:16 - PHP Notice:  Undefined index: HTTP_ACCEPT in /home/xandr4ik/web/dev.bilios.ua/public_html/catalog/controller/extension/module/fast_images.php on line 79
2022-09-30 17:01:15 - PHP Notice:  Undefined index: HTTP_ACCEPT in /home/xandr4ik/web/dev.bilios.ua/public_html/catalog/controller/extension/module/fast_images.php on line 79
2022-09-30 18:06:13 - PHP Notice:  Undefined index: HTTP_ACCEPT in /home/xandr4ik/web/dev.bilios.ua/public_html/catalog/controller/extension/module/fast_images.php on line 79
2022-09-30 19:05:51 - PHP Notice:  Undefined index: HTTP_ACCEPT in /home/xandr4ik/web/dev.bilios.ua/public_html/catalog/controller/extension/module/fast_images.php on line 79
2022-09-30 20:06:06 - PHP Notice:  Undefined index: HTTP_ACCEPT in /home/xandr4ik/web/dev.bilios.ua/public_html/catalog/controller/extension/module/fast_images.php on line 79
2022-09-30 21:06:02 - PHP Notice:  Undefined index: HTTP_ACCEPT in /home/xandr4ik/web/dev.bilios.ua/public_html/catalog/controller/extension/module/fast_images.php on line 79
2022-09-30 22:06:01 - PHP Notice:  Undefined index: HTTP_ACCEPT in /home/xandr4ik/web/dev.bilios.ua/public_html/catalog/controller/extension/module/fast_images.php on line 79
2022-09-30 23:06:28 - PHP Notice:  Undefined index: HTTP_ACCEPT in /home/xandr4ik/web/dev.bilios.ua/public_html/catalog/controller/extension/module/fast_images.php on line 79
2022-10-01 0:06:20 - PHP Notice:  Undefined index: HTTP_ACCEPT in /home/xandr4ik/web/dev.bilios.ua/public_html/catalog/controller/extension/module/fast_images.php on line 79
2022-10-01 1:06:45 - PHP Notice:  Undefined index: HTTP_ACCEPT in /home/xandr4ik/web/dev.bilios.ua/public_html/catalog/controller/extension/module/fast_images.php on line 79
2022-10-06 14:23:32 - PHP Notice:  Undefined index: HTTP_ACCEPT in /home/xandr4ik/web/dev.bilios.ua/public_html/catalog/controller/extension/module/fast_images.php on line 79
2022-10-08 10:45:28 - PHP Notice:  Undefined index: HTTP_ACCEPT in /home/xandr4ik/web/dev.bilios.ua/public_html/catalog/controller/extension/module/fast_images.php on line 79
2022-10-09 0:58:58 - PHP Notice:  Undefined index: HTTP_ACCEPT in /home/xandr4ik/web/dev.bilios.ua/public_html/catalog/controller/extension/module/fast_images.php on line 79
2022-10-09 12:41:17 - PHP Notice:  Undefined index: HTTP_ACCEPT in /home/xandr4ik/web/dev.bilios.ua/public_html/catalog/controller/extension/module/fast_images.php on line 79
2022-10-14 7:01:07 - PHP Notice:  Undefined index: HTTP_ACCEPT in /home/xandr4ik/web/dev.bilios.ua/public_html/catalog/controller/extension/module/fast_images.php on line 79
2022-10-14 21:05:09 - PHP Notice:  Undefined index: HTTP_ACCEPT in /home/xandr4ik/web/dev.bilios.ua/public_html/catalog/controller/extension/module/fast_images.php on line 79
2022-10-15 15:29:49 - PHP Notice:  Undefined index: HTTP_ACCEPT in /home/xandr4ik/web/dev.bilios.ua/public_html/catalog/controller/extension/module/fast_images.php on line 79
2022-10-15 19:33:10 - PHP Notice:  Undefined index: HTTP_ACCEPT in /home/xandr4ik/web/dev.bilios.ua/public_html/catalog/controller/extension/module/fast_images.php on line 79
2022-10-18 21:06:24 - PHP Warning:  "continue" targeting switch is equivalent to "break". Did you mean to use "continue 2"? in /home/xandr4ik/web/dev.bilios.ua/public_html/system/library/simple/simple.php on line 1364
2022-10-18 21:06:24 - PHP Warning:  "continue" targeting switch is equivalent to "break". Did you mean to use "continue 2"? in /home/xandr4ik/web/dev.bilios.ua/public_html/system/library/simple/simple.php on line 1392
2022-10-18 21:06:24 - PHP Warning:  "continue" targeting switch is equivalent to "break". Did you mean to use "continue 2"? in /home/xandr4ik/web/dev.bilios.ua/public_html/system/library/simple/simple.php on line 1411
2022-10-18 21:07:59 - PHP Warning:  "continue" targeting switch is equivalent to "break". Did you mean to use "continue 2"? in /home/xandr4ik/web/dev.bilios.ua/public_html/system/library/simple/simple.php on line 1364
2022-10-18 21:07:59 - PHP Warning:  "continue" targeting switch is equivalent to "break". Did you mean to use "continue 2"? in /home/xandr4ik/web/dev.bilios.ua/public_html/system/library/simple/simple.php on line 1392
2022-10-18 21:07:59 - PHP Warning:  "continue" targeting switch is equivalent to "break". Did you mean to use "continue 2"? in /home/xandr4ik/web/dev.bilios.ua/public_html/system/library/simple/simple.php on line 1411
2022-10-18 21:08:09 - PHP Warning:  "continue" targeting switch is equivalent to "break". Did you mean to use "continue 2"? in /home/xandr4ik/web/dev.bilios.ua/public_html/system/library/simple/simple.php on line 1364
2022-10-18 21:08:09 - PHP Warning:  "continue" targeting switch is equivalent to "break". Did you mean to use "continue 2"? in /home/xandr4ik/web/dev.bilios.ua/public_html/system/library/simple/simple.php on line 1392
2022-10-18 21:08:09 - PHP Warning:  "continue" targeting switch is equivalent to "break". Did you mean to use "continue 2"? in /home/xandr4ik/web/dev.bilios.ua/public_html/system/library/simple/simple.php on line 1411
2022-10-18 21:08:17 - PHP Warning:  "continue" targeting switch is equivalent to "break". Did you mean to use "continue 2"? in /home/xandr4ik/web/dev.bilios.ua/public_html/system/library/simple/simple.php on line 1364
2022-10-18 21:08:17 - PHP Warning:  "continue" targeting switch is equivalent to "break". Did you mean to use "continue 2"? in /home/xandr4ik/web/dev.bilios.ua/public_html/system/library/simple/simple.php on line 1392
2022-10-18 21:08:17 - PHP Warning:  "continue" targeting switch is equivalent to "break". Did you mean to use "continue 2"? in /home/xandr4ik/web/dev.bilios.ua/public_html/system/library/simple/simple.php on line 1411
2022-10-18 21:08:19 - PHP Warning:  "continue" targeting switch is equivalent to "break". Did you mean to use "continue 2"? in /home/xandr4ik/web/dev.bilios.ua/public_html/system/library/simple/simple.php on line 1364
2022-10-18 21:08:19 - PHP Warning:  "continue" targeting switch is equivalent to "break". Did you mean to use "continue 2"? in /home/xandr4ik/web/dev.bilios.ua/public_html/system/library/simple/simple.php on line 1392
2022-10-18 21:08:19 - PHP Warning:  "continue" targeting switch is equivalent to "break". Did you mean to use "continue 2"? in /home/xandr4ik/web/dev.bilios.ua/public_html/system/library/simple/simple.php on line 1411
2022-10-18 21:08:30 - PHP Warning:  "continue" targeting switch is equivalent to "break". Did you mean to use "continue 2"? in /home/xandr4ik/web/dev.bilios.ua/public_html/system/library/simple/simple.php on line 1364
2022-10-18 21:08:30 - PHP Warning:  "continue" targeting switch is equivalent to "break". Did you mean to use "continue 2"? in /home/xandr4ik/web/dev.bilios.ua/public_html/system/library/simple/simple.php on line 1392
2022-10-18 21:08:30 - PHP Warning:  "continue" targeting switch is equivalent to "break". Did you mean to use "continue 2"? in /home/xandr4ik/web/dev.bilios.ua/public_html/system/library/simple/simple.php on line 1411
2022-10-18 21:09:48 - PHP Warning:  "continue" targeting switch is equivalent to "break". Did you mean to use "continue 2"? in /home/xandr4ik/web/dev.bilios.ua/public_html/system/library/simple/simple.php on line 1364
2022-10-18 21:09:48 - PHP Warning:  "continue" targeting switch is equivalent to "break". Did you mean to use "continue 2"? in /home/xandr4ik/web/dev.bilios.ua/public_html/system/library/simple/simple.php on line 1392
2022-10-18 21:09:48 - PHP Warning:  "continue" targeting switch is equivalent to "break". Did you mean to use "continue 2"? in /home/xandr4ik/web/dev.bilios.ua/public_html/system/library/simple/simple.php on line 1411
2022-10-18 21:09:51 - PHP Warning:  "continue" targeting switch is equivalent to "break". Did you mean to use "continue 2"? in /home/xandr4ik/web/dev.bilios.ua/public_html/system/library/simple/simple.php on line 1364
2022-10-18 21:09:51 - PHP Warning:  "continue" targeting switch is equivalent to "break". Did you mean to use "continue 2"? in /home/xandr4ik/web/dev.bilios.ua/public_html/system/library/simple/simple.php on line 1392
2022-10-18 21:09:51 - PHP Warning:  "continue" targeting switch is equivalent to "break". Did you mean to use "continue 2"? in /home/xandr4ik/web/dev.bilios.ua/public_html/system/library/simple/simple.php on line 1411
2022-10-18 21:10:01 - PHP Warning:  "continue" targeting switch is equivalent to "break". Did you mean to use "continue 2"? in /home/xandr4ik/web/dev.bilios.ua/public_html/system/library/simple/simple.php on line 1364
2022-10-18 21:10:01 - PHP Warning:  "continue" targeting switch is equivalent to "break". Did you mean to use "continue 2"? in /home/xandr4ik/web/dev.bilios.ua/public_html/system/library/simple/simple.php on line 1392
2022-10-18 21:10:01 - PHP Warning:  "continue" targeting switch is equivalent to "break". Did you mean to use "continue 2"? in /home/xandr4ik/web/dev.bilios.ua/public_html/system/library/simple/simple.php on line 1411
2022-10-18 21:10:04 - PHP Warning:  "continue" targeting switch is equivalent to "break". Did you mean to use "continue 2"? in /home/xandr4ik/web/dev.bilios.ua/public_html/system/library/simple/simple.php on line 1364
2022-10-18 21:10:04 - PHP Warning:  "continue" targeting switch is equivalent to "break". Did you mean to use "continue 2"? in /home/xandr4ik/web/dev.bilios.ua/public_html/system/library/simple/simple.php on line 1392
2022-10-18 21:10:04 - PHP Warning:  "continue" targeting switch is equivalent to "break". Did you mean to use "continue 2"? in /home/xandr4ik/web/dev.bilios.ua/public_html/system/library/simple/simple.php on line 1411
2022-10-18 21:10:05 - PHP Warning:  "continue" targeting switch is equivalent to "break". Did you mean to use "continue 2"? in /home/xandr4ik/web/dev.bilios.ua/public_html/system/library/simple/simple.php on line 1364
2022-10-18 21:10:05 - PHP Warning:  "continue" targeting switch is equivalent to "break". Did you mean to use "continue 2"? in /home/xandr4ik/web/dev.bilios.ua/public_html/system/library/simple/simple.php on line 1392
2022-10-18 21:10:05 - PHP Warning:  "continue" targeting switch is equivalent to "break". Did you mean to use "continue 2"? in /home/xandr4ik/web/dev.bilios.ua/public_html/system/library/simple/simple.php on line 1411
2022-10-18 21:10:07 - PHP Warning:  "continue" targeting switch is equivalent to "break". Did you mean to use "continue 2"? in /home/xandr4ik/web/dev.bilios.ua/public_html/system/library/simple/simple.php on line 1364
2022-10-18 21:10:07 - PHP Warning:  "continue" targeting switch is equivalent to "break". Did you mean to use "continue 2"? in /home/xandr4ik/web/dev.bilios.ua/public_html/system/library/simple/simple.php on line 1392
2022-10-18 21:10:07 - PHP Warning:  "continue" targeting switch is equivalent to "break". Did you mean to use "continue 2"? in /home/xandr4ik/web/dev.bilios.ua/public_html/system/library/simple/simple.php on line 1411
2022-10-18 21:10:50 - PHP Warning:  "continue" targeting switch is equivalent to "break". Did you mean to use "continue 2"? in /home/xandr4ik/web/dev.bilios.ua/public_html/system/library/simple/simple.php on line 1364
2022-10-18 21:10:50 - PHP Warning:  "continue" targeting switch is equivalent to "break". Did you mean to use "continue 2"? in /home/xandr4ik/web/dev.bilios.ua/public_html/system/library/simple/simple.php on line 1392
2022-10-18 21:10:50 - PHP Warning:  "continue" targeting switch is equivalent to "break". Did you mean to use "continue 2"? in /home/xandr4ik/web/dev.bilios.ua/public_html/system/library/simple/simple.php on line 1411
2022-10-18 21:11:37 - PHP Warning:  "continue" targeting switch is equivalent to "break". Did you mean to use "continue 2"? in /home/xandr4ik/web/dev.bilios.ua/public_html/system/library/simple/simple.php on line 1364
2022-10-18 21:11:37 - PHP Warning:  "continue" targeting switch is equivalent to "break". Did you mean to use "continue 2"? in /home/xandr4ik/web/dev.bilios.ua/public_html/system/library/simple/simple.php on line 1392
2022-10-18 21:11:37 - PHP Warning:  "continue" targeting switch is equivalent to "break". Did you mean to use "continue 2"? in /home/xandr4ik/web/dev.bilios.ua/public_html/system/library/simple/simple.php on line 1411
2022-10-18 21:11:37 - PHP Warning:  "continue" targeting switch is equivalent to "break". Did you mean to use "continue 2"? in /home/xandr4ik/web/dev.bilios.ua/public_html/system/library/simple/simple.php on line 1364
2022-10-18 21:11:37 - PHP Warning:  "continue" targeting switch is equivalent to "break". Did you mean to use "continue 2"? in /home/xandr4ik/web/dev.bilios.ua/public_html/system/library/simple/simple.php on line 1392
2022-10-18 21:11:37 - PHP Warning:  "continue" targeting switch is equivalent to "break". Did you mean to use "continue 2"? in /home/xandr4ik/web/dev.bilios.ua/public_html/system/library/simple/simple.php on line 1411
2022-10-18 21:14:45 - PHP Warning:  "continue" targeting switch is equivalent to "break". Did you mean to use "continue 2"? in /home/xandr4ik/web/dev.bilios.ua/public_html/system/library/simple/simple.php on line 1364
2022-10-18 21:14:45 - PHP Warning:  "continue" targeting switch is equivalent to "break". Did you mean to use "continue 2"? in /home/xandr4ik/web/dev.bilios.ua/public_html/system/library/simple/simple.php on line 1392
2022-10-18 21:14:45 - PHP Warning:  "continue" targeting switch is equivalent to "break". Did you mean to use "continue 2"? in /home/xandr4ik/web/dev.bilios.ua/public_html/system/library/simple/simple.php on line 1411
2022-10-18 21:15:04 - PHP Warning:  "continue" targeting switch is equivalent to "break". Did you mean to use "continue 2"? in /home/xandr4ik/web/dev.bilios.ua/public_html/system/library/simple/simple.php on line 1364
2022-10-18 21:15:04 - PHP Warning:  "continue" targeting switch is equivalent to "break". Did you mean to use "continue 2"? in /home/xandr4ik/web/dev.bilios.ua/public_html/system/library/simple/simple.php on line 1392
2022-10-18 21:15:04 - PHP Warning:  "continue" targeting switch is equivalent to "break". Did you mean to use "continue 2"? in /home/xandr4ik/web/dev.bilios.ua/public_html/system/library/simple/simple.php on line 1411
2022-10-18 21:16:46 - PHP Warning:  "continue" targeting switch is equivalent to "break". Did you mean to use "continue 2"? in /home/xandr4ik/web/dev.bilios.ua/public_html/system/library/simple/simple.php on line 1364
2022-10-18 21:16:46 - PHP Warning:  "continue" targeting switch is equivalent to "break". Did you mean to use "continue 2"? in /home/xandr4ik/web/dev.bilios.ua/public_html/system/library/simple/simple.php on line 1392
2022-10-18 21:16:46 - PHP Warning:  "continue" targeting switch is equivalent to "break". Did you mean to use "continue 2"? in /home/xandr4ik/web/dev.bilios.ua/public_html/system/library/simple/simple.php on line 1411
2022-10-18 21:17:45 - PHP Warning:  "continue" targeting switch is equivalent to "break". Did you mean to use "continue 2"? in /home/xandr4ik/web/dev.bilios.ua/public_html/system/library/simple/simple.php on line 1364
2022-10-18 21:17:45 - PHP Warning:  "continue" targeting switch is equivalent to "break". Did you mean to use "continue 2"? in /home/xandr4ik/web/dev.bilios.ua/public_html/system/library/simple/simple.php on line 1392
2022-10-18 21:17:45 - PHP Warning:  "continue" targeting switch is equivalent to "break". Did you mean to use "continue 2"? in /home/xandr4ik/web/dev.bilios.ua/public_html/system/library/simple/simple.php on line 1411
2022-10-18 21:17:51 - PHP Warning:  "continue" targeting switch is equivalent to "break". Did you mean to use "continue 2"? in /home/xandr4ik/web/dev.bilios.ua/public_html/system/library/simple/simple.php on line 1364
2022-10-18 21:17:51 - PHP Warning:  "continue" targeting switch is equivalent to "break". Did you mean to use "continue 2"? in /home/xandr4ik/web/dev.bilios.ua/public_html/system/library/simple/simple.php on line 1392
2022-10-18 21:17:51 - PHP Warning:  "continue" targeting switch is equivalent to "break". Did you mean to use "continue 2"? in /home/xandr4ik/web/dev.bilios.ua/public_html/system/library/simple/simple.php on line 1411
2022-10-18 21:18:00 - PHP Warning:  "continue" targeting switch is equivalent to "break". Did you mean to use "continue 2"? in /home/xandr4ik/web/dev.bilios.ua/public_html/system/library/simple/simple.php on line 1364
2022-10-18 21:18:00 - PHP Warning:  "continue" targeting switch is equivalent to "break". Did you mean to use "continue 2"? in /home/xandr4ik/web/dev.bilios.ua/public_html/system/library/simple/simple.php on line 1392
2022-10-18 21:18:00 - PHP Warning:  "continue" targeting switch is equivalent to "break". Did you mean to use "continue 2"? in /home/xandr4ik/web/dev.bilios.ua/public_html/system/library/simple/simple.php on line 1411
2022-10-18 21:18:02 - PHP Warning:  "continue" targeting switch is equivalent to "break". Did you mean to use "continue 2"? in /home/xandr4ik/web/dev.bilios.ua/public_html/system/library/simple/simple.php on line 1364
2022-10-18 21:18:02 - PHP Warning:  "continue" targeting switch is equivalent to "break". Did you mean to use "continue 2"? in /home/xandr4ik/web/dev.bilios.ua/public_html/system/library/simple/simple.php on line 1392
2022-10-18 21:18:02 - PHP Warning:  "continue" targeting switch is equivalent to "break". Did you mean to use "continue 2"? in /home/xandr4ik/web/dev.bilios.ua/public_html/system/library/simple/simple.php on line 1411
2022-10-18 21:18:15 - PHP Warning:  "continue" targeting switch is equivalent to "break". Did you mean to use "continue 2"? in /home/xandr4ik/web/dev.bilios.ua/public_html/system/library/simple/simple.php on line 1364
2022-10-18 21:18:15 - PHP Warning:  "continue" targeting switch is equivalent to "break". Did you mean to use "continue 2"? in /home/xandr4ik/web/dev.bilios.ua/public_html/system/library/simple/simple.php on line 1392
2022-10-18 21:18:15 - PHP Warning:  "continue" targeting switch is equivalent to "break". Did you mean to use "continue 2"? in /home/xandr4ik/web/dev.bilios.ua/public_html/system/library/simple/simple.php on line 1411
2022-10-18 21:18:17 - PHP Warning:  "continue" targeting switch is equivalent to "break". Did you mean to use "continue 2"? in /home/xandr4ik/web/dev.bilios.ua/public_html/system/library/simple/simple.php on line 1364
2022-10-18 21:18:17 - PHP Warning:  "continue" targeting switch is equivalent to "break". Did you mean to use "continue 2"? in /home/xandr4ik/web/dev.bilios.ua/public_html/system/library/simple/simple.php on line 1392
2022-10-18 21:18:17 - PHP Warning:  "continue" targeting switch is equivalent to "break". Did you mean to use "continue 2"? in /home/xandr4ik/web/dev.bilios.ua/public_html/system/library/simple/simple.php on line 1411
2022-10-18 21:18:21 - PHP Warning:  "continue" targeting switch is equivalent to "break". Did you mean to use "continue 2"? in /home/xandr4ik/web/dev.bilios.ua/public_html/system/library/simple/simple.php on line 1364
2022-10-18 21:18:21 - PHP Warning:  "continue" targeting switch is equivalent to "break". Did you mean to use "continue 2"? in /home/xandr4ik/web/dev.bilios.ua/public_html/system/library/simple/simple.php on line 1392
2022-10-18 21:18:21 - PHP Warning:  "continue" targeting switch is equivalent to "break". Did you mean to use "continue 2"? in /home/xandr4ik/web/dev.bilios.ua/public_html/system/library/simple/simple.php on line 1411
2022-10-18 21:19:20 - PHP Warning:  "continue" targeting switch is equivalent to "break". Did you mean to use "continue 2"? in /home/xandr4ik/web/dev.bilios.ua/public_html/system/library/simple/simple.php on line 1364
2022-10-18 21:19:20 - PHP Warning:  "continue" targeting switch is equivalent to "break". Did you mean to use "continue 2"? in /home/xandr4ik/web/dev.bilios.ua/public_html/system/library/simple/simple.php on line 1392
2022-10-18 21:19:20 - PHP Warning:  "continue" targeting switch is equivalent to "break". Did you mean to use "continue 2"? in /home/xandr4ik/web/dev.bilios.ua/public_html/system/library/simple/simple.php on line 1411
2022-10-18 21:19:22 - PHP Warning:  "continue" targeting switch is equivalent to "break". Did you mean to use "continue 2"? in /home/xandr4ik/web/dev.bilios.ua/public_html/system/library/simple/simple.php on line 1364
2022-10-18 21:19:22 - PHP Warning:  "continue" targeting switch is equivalent to "break". Did you mean to use "continue 2"? in /home/xandr4ik/web/dev.bilios.ua/public_html/system/library/simple/simple.php on line 1392
2022-10-18 21:19:22 - PHP Warning:  "continue" targeting switch is equivalent to "break". Did you mean to use "continue 2"? in /home/xandr4ik/web/dev.bilios.ua/public_html/system/library/simple/simple.php on line 1411
2022-10-18 21:19:24 - PHP Warning:  "continue" targeting switch is equivalent to "break". Did you mean to use "continue 2"? in /home/xandr4ik/web/dev.bilios.ua/public_html/system/library/simple/simple.php on line 1364
2022-10-18 21:19:24 - PHP Warning:  "continue" targeting switch is equivalent to "break". Did you mean to use "continue 2"? in /home/xandr4ik/web/dev.bilios.ua/public_html/system/library/simple/simple.php on line 1392
2022-10-18 21:19:24 - PHP Warning:  "continue" targeting switch is equivalent to "break". Did you mean to use "continue 2"? in /home/xandr4ik/web/dev.bilios.ua/public_html/system/library/simple/simple.php on line 1411
2022-10-18 21:19:25 - PHP Warning:  "continue" targeting switch is equivalent to "break". Did you mean to use "continue 2"? in /home/xandr4ik/web/dev.bilios.ua/public_html/system/library/simple/simple.php on line 1364
2022-10-18 21:19:25 - PHP Warning:  "continue" targeting switch is equivalent to "break". Did you mean to use "continue 2"? in /home/xandr4ik/web/dev.bilios.ua/public_html/system/library/simple/simple.php on line 1392
2022-10-18 21:19:25 - PHP Warning:  "continue" targeting switch is equivalent to "break". Did you mean to use "continue 2"? in /home/xandr4ik/web/dev.bilios.ua/public_html/system/library/simple/simple.php on line 1411
2022-10-18 21:19:26 - PHP Warning:  "continue" targeting switch is equivalent to "break". Did you mean to use "continue 2"? in /home/xandr4ik/web/dev.bilios.ua/public_html/system/library/simple/simple.php on line 1364
2022-10-18 21:19:26 - PHP Warning:  "continue" targeting switch is equivalent to "break". Did you mean to use "continue 2"? in /home/xandr4ik/web/dev.bilios.ua/public_html/system/library/simple/simple.php on line 1392
2022-10-18 21:19:26 - PHP Warning:  "continue" targeting switch is equivalent to "break". Did you mean to use "continue 2"? in /home/xandr4ik/web/dev.bilios.ua/public_html/system/library/simple/simple.php on line 1411
2022-10-18 21:19:30 - PHP Warning:  "continue" targeting switch is equivalent to "break". Did you mean to use "continue 2"? in /home/xandr4ik/web/dev.bilios.ua/public_html/system/library/simple/simple.php on line 1364
2022-10-18 21:19:30 - PHP Warning:  "continue" targeting switch is equivalent to "break". Did you mean to use "continue 2"? in /home/xandr4ik/web/dev.bilios.ua/public_html/system/library/simple/simple.php on line 1392
2022-10-18 21:19:30 - PHP Warning:  "continue" targeting switch is equivalent to "break". Did you mean to use "continue 2"? in /home/xandr4ik/web/dev.bilios.ua/public_html/system/library/simple/simple.php on line 1411
2022-10-20 12:03:59 - PHP Notice:  Undefined index: HTTP_ACCEPT in /home/xandr4ik/web/dev.bilios.ua/public_html/catalog/controller/extension/module/fast_images.php on line 79
2022-10-20 17:35:06 - PHP Notice:  Undefined index: HTTP_ACCEPT in /home/xandr4ik/web/dev.bilios.ua/public_html/catalog/controller/extension/module/fast_images.php on line 79
2022-10-20 20:04:57 - PHP Warning:  "continue" targeting switch is equivalent to "break". Did you mean to use "continue 2"? in /home/xandr4ik/web/dev.bilios.ua/public_html/system/library/simple/simple.php on line 1364
2022-10-20 20:04:57 - PHP Warning:  "continue" targeting switch is equivalent to "break". Did you mean to use "continue 2"? in /home/xandr4ik/web/dev.bilios.ua/public_html/system/library/simple/simple.php on line 1392
2022-10-20 20:04:57 - PHP Warning:  "continue" targeting switch is equivalent to "break". Did you mean to use "continue 2"? in /home/xandr4ik/web/dev.bilios.ua/public_html/system/library/simple/simple.php on line 1411
2022-10-21 21:37:30 - PHP Notice:  Undefined index: HTTP_ACCEPT in /home/xandr4ik/web/dev.bilios.ua/public_html/catalog/controller/extension/module/fast_images.php on line 79
2022-10-22 21:28:09 - PHP Warning:  "continue" targeting switch is equivalent to "break". Did you mean to use "continue 2"? in /home/xandr4ik/web/dev.bilios.ua/public_html/system/library/simple/simple.php on line 1364
2022-10-22 21:28:09 - PHP Warning:  "continue" targeting switch is equivalent to "break". Did you mean to use "continue 2"? in /home/xandr4ik/web/dev.bilios.ua/public_html/system/library/simple/simple.php on line 1392
2022-10-22 21:28:09 - PHP Warning:  "continue" targeting switch is equivalent to "break". Did you mean to use "continue 2"? in /home/xandr4ik/web/dev.bilios.ua/public_html/system/library/simple/simple.php on line 1411
2022-10-22 21:28:27 - PHP Warning:  "continue" targeting switch is equivalent to "break". Did you mean to use "continue 2"? in /home/xandr4ik/web/dev.bilios.ua/public_html/system/library/simple/simple.php on line 1364
2022-10-22 21:28:27 - PHP Warning:  "continue" targeting switch is equivalent to "break". Did you mean to use "continue 2"? in /home/xandr4ik/web/dev.bilios.ua/public_html/system/library/simple/simple.php on line 1392
2022-10-22 21:28:27 - PHP Warning:  "continue" targeting switch is equivalent to "break". Did you mean to use "continue 2"? in /home/xandr4ik/web/dev.bilios.ua/public_html/system/library/simple/simple.php on line 1411
2022-10-22 21:29:11 - PHP Warning:  "continue" targeting switch is equivalent to "break". Did you mean to use "continue 2"? in /home/xandr4ik/web/dev.bilios.ua/public_html/system/library/simple/simple.php on line 1364
2022-10-22 21:29:11 - PHP Warning:  "continue" targeting switch is equivalent to "break". Did you mean to use "continue 2"? in /home/xandr4ik/web/dev.bilios.ua/public_html/system/library/simple/simple.php on line 1392
2022-10-22 21:29:11 - PHP Warning:  "continue" targeting switch is equivalent to "break". Did you mean to use "continue 2"? in /home/xandr4ik/web/dev.bilios.ua/public_html/system/library/simple/simple.php on line 1411
2022-10-22 21:30:20 - PHP Warning:  "continue" targeting switch is equivalent to "break". Did you mean to use "continue 2"? in /home/xandr4ik/web/dev.bilios.ua/public_html/system/library/simple/simple.php on line 1364
2022-10-22 21:30:20 - PHP Warning:  "continue" targeting switch is equivalent to "break". Did you mean to use "continue 2"? in /home/xandr4ik/web/dev.bilios.ua/public_html/system/library/simple/simple.php on line 1392
2022-10-22 21:30:20 - PHP Warning:  "continue" targeting switch is equivalent to "break". Did you mean to use "continue 2"? in /home/xandr4ik/web/dev.bilios.ua/public_html/system/library/simple/simple.php on line 1411
2022-10-22 21:30:44 - PHP Warning:  "continue" targeting switch is equivalent to "break". Did you mean to use "continue 2"? in /home/xandr4ik/web/dev.bilios.ua/public_html/system/library/simple/simple.php on line 1364
2022-10-22 21:30:44 - PHP Warning:  "continue" targeting switch is equivalent to "break". Did you mean to use "continue 2"? in /home/xandr4ik/web/dev.bilios.ua/public_html/system/library/simple/simple.php on line 1392
2022-10-22 21:30:44 - PHP Warning:  "continue" targeting switch is equivalent to "break". Did you mean to use "continue 2"? in /home/xandr4ik/web/dev.bilios.ua/public_html/system/library/simple/simple.php on line 1411
2022-10-22 21:30:47 - PHP Warning:  "continue" targeting switch is equivalent to "break". Did you mean to use "continue 2"? in /home/xandr4ik/web/dev.bilios.ua/public_html/system/library/simple/simple.php on line 1364
2022-10-22 21:30:47 - PHP Warning:  "continue" targeting switch is equivalent to "break". Did you mean to use "continue 2"? in /home/xandr4ik/web/dev.bilios.ua/public_html/system/library/simple/simple.php on line 1392
2022-10-22 21:30:47 - PHP Warning:  "continue" targeting switch is equivalent to "break". Did you mean to use "continue 2"? in /home/xandr4ik/web/dev.bilios.ua/public_html/system/library/simple/simple.php on line 1411
2022-10-22 21:33:37 - PHP Warning:  "continue" targeting switch is equivalent to "break". Did you mean to use "continue 2"? in /home/xandr4ik/web/dev.bilios.ua/public_html/system/library/simple/simple.php on line 1364
2022-10-22 21:33:37 - PHP Warning:  "continue" targeting switch is equivalent to "break". Did you mean to use "continue 2"? in /home/xandr4ik/web/dev.bilios.ua/public_html/system/library/simple/simple.php on line 1392
2022-10-22 21:33:37 - PHP Warning:  "continue" targeting switch is equivalent to "break". Did you mean to use "continue 2"? in /home/xandr4ik/web/dev.bilios.ua/public_html/system/library/simple/simple.php on line 1411
2022-10-22 21:33:49 - PHP Warning:  "continue" targeting switch is equivalent to "break". Did you mean to use "continue 2"? in /home/xandr4ik/web/dev.bilios.ua/public_html/system/library/simple/simple.php on line 1364
2022-10-22 21:33:49 - PHP Warning:  "continue" targeting switch is equivalent to "break". Did you mean to use "continue 2"? in /home/xandr4ik/web/dev.bilios.ua/public_html/system/library/simple/simple.php on line 1392
2022-10-22 21:33:49 - PHP Warning:  "continue" targeting switch is equivalent to "break". Did you mean to use "continue 2"? in /home/xandr4ik/web/dev.bilios.ua/public_html/system/library/simple/simple.php on line 1411
2022-10-22 21:35:33 - PHP Warning:  "continue" targeting switch is equivalent to "break". Did you mean to use "continue 2"? in /home/xandr4ik/web/dev.bilios.ua/public_html/system/library/simple/simple.php on line 1364
2022-10-22 21:35:33 - PHP Warning:  "continue" targeting switch is equivalent to "break". Did you mean to use "continue 2"? in /home/xandr4ik/web/dev.bilios.ua/public_html/system/library/simple/simple.php on line 1392
2022-10-22 21:35:33 - PHP Warning:  "continue" targeting switch is equivalent to "break". Did you mean to use "continue 2"? in /home/xandr4ik/web/dev.bilios.ua/public_html/system/library/simple/simple.php on line 1411
2022-10-22 21:36:14 - PHP Warning:  "continue" targeting switch is equivalent to "break". Did you mean to use "continue 2"? in /home/xandr4ik/web/dev.bilios.ua/public_html/system/library/simple/simple.php on line 1364
2022-10-22 21:36:14 - PHP Warning:  "continue" targeting switch is equivalent to "break". Did you mean to use "continue 2"? in /home/xandr4ik/web/dev.bilios.ua/public_html/system/library/simple/simple.php on line 1392
2022-10-22 21:36:14 - PHP Warning:  "continue" targeting switch is equivalent to "break". Did you mean to use "continue 2"? in /home/xandr4ik/web/dev.bilios.ua/public_html/system/library/simple/simple.php on line 1411
2022-10-23 19:37:36 - PHP Notice:  Undefined index: HTTP_ACCEPT in /home/xandr4ik/web/dev.bilios.ua/public_html/catalog/controller/extension/module/fast_images.php on line 79
2022-10-24 14:54:21 - PHP Warning:  "continue" targeting switch is equivalent to "break". Did you mean to use "continue 2"? in /home/xandr4ik/web/dev.bilios.ua/public_html/system/library/simple/simple.php on line 1364
2022-10-24 14:54:21 - PHP Warning:  "continue" targeting switch is equivalent to "break". Did you mean to use "continue 2"? in /home/xandr4ik/web/dev.bilios.ua/public_html/system/library/simple/simple.php on line 1392
2022-10-24 14:54:21 - PHP Warning:  "continue" targeting switch is equivalent to "break". Did you mean to use "continue 2"? in /home/xandr4ik/web/dev.bilios.ua/public_html/system/library/simple/simple.php on line 1411
2022-10-24 14:54:56 - PHP Warning:  "continue" targeting switch is equivalent to "break". Did you mean to use "continue 2"? in /home/xandr4ik/web/dev.bilios.ua/public_html/system/library/simple/simple.php on line 1364
2022-10-24 14:54:56 - PHP Warning:  "continue" targeting switch is equivalent to "break". Did you mean to use "continue 2"? in /home/xandr4ik/web/dev.bilios.ua/public_html/system/library/simple/simple.php on line 1392
2022-10-24 14:54:56 - PHP Warning:  "continue" targeting switch is equivalent to "break". Did you mean to use "continue 2"? in /home/xandr4ik/web/dev.bilios.ua/public_html/system/library/simple/simple.php on line 1411
2022-10-24 14:55:20 - PHP Warning:  "continue" targeting switch is equivalent to "break". Did you mean to use "continue 2"? in /home/xandr4ik/web/dev.bilios.ua/public_html/system/library/simple/simple.php on line 1364
2022-10-24 14:55:20 - PHP Warning:  "continue" targeting switch is equivalent to "break". Did you mean to use "continue 2"? in /home/xandr4ik/web/dev.bilios.ua/public_html/system/library/simple/simple.php on line 1392
2022-10-24 14:55:20 - PHP Warning:  "continue" targeting switch is equivalent to "break". Did you mean to use "continue 2"? in /home/xandr4ik/web/dev.bilios.ua/public_html/system/library/simple/simple.php on line 1411
2022-10-24 14:55:20 - PHP Warning:  "continue" targeting switch is equivalent to "break". Did you mean to use "continue 2"? in /home/xandr4ik/web/dev.bilios.ua/public_html/system/library/simple/simple.php on line 1364
2022-10-24 14:55:20 - PHP Warning:  "continue" targeting switch is equivalent to "break". Did you mean to use "continue 2"? in /home/xandr4ik/web/dev.bilios.ua/public_html/system/library/simple/simple.php on line 1392
2022-10-24 14:55:20 - PHP Warning:  "continue" targeting switch is equivalent to "break". Did you mean to use "continue 2"? in /home/xandr4ik/web/dev.bilios.ua/public_html/system/library/simple/simple.php on line 1411
2022-10-24 14:57:12 - PHP Warning:  "continue" targeting switch is equivalent to "break". Did you mean to use "continue 2"? in /home/xandr4ik/web/dev.bilios.ua/public_html/system/library/simple/simple.php on line 1364
2022-10-24 14:57:12 - PHP Warning:  "continue" targeting switch is equivalent to "break". Did you mean to use "continue 2"? in /home/xandr4ik/web/dev.bilios.ua/public_html/system/library/simple/simple.php on line 1392
2022-10-24 14:57:12 - PHP Warning:  "continue" targeting switch is equivalent to "break". Did you mean to use "continue 2"? in /home/xandr4ik/web/dev.bilios.ua/public_html/system/library/simple/simple.php on line 1411
2022-10-24 14:58:35 - PHP Warning:  "continue" targeting switch is equivalent to "break". Did you mean to use "continue 2"? in /home/xandr4ik/web/dev.bilios.ua/public_html/system/library/simple/simple.php on line 1364
2022-10-24 14:58:35 - PHP Warning:  "continue" targeting switch is equivalent to "break". Did you mean to use "continue 2"? in /home/xandr4ik/web/dev.bilios.ua/public_html/system/library/simple/simple.php on line 1392
2022-10-24 14:58:35 - PHP Warning:  "continue" targeting switch is equivalent to "break". Did you mean to use "continue 2"? in /home/xandr4ik/web/dev.bilios.ua/public_html/system/library/simple/simple.php on line 1411
2022-10-24 19:15:41 - PHP Notice:  Undefined index: HTTP_ACCEPT in /home/xandr4ik/web/dev.bilios.ua/public_html/catalog/controller/extension/module/fast_images.php on line 79
2022-10-25 17:00:58 - PHP Notice:  date_default_timezone_set(): Timezone ID 'Europe/Kyiv' is invalid in /home/xandr4ik/web/dev.bilios.ua/storage/modification/catalog/controller/startup/startup.php on line 37
2022-10-25 17:00:58 - PHP Warning:  Cannot modify header information - headers already sent by (output started at /home/xandr4ik/web/dev.bilios.ua/public_html/system/framework.php:42) in /home/xandr4ik/web/dev.bilios.ua/storage/modification/catalog/controller/startup/startup.php on line 113
2022-10-25 17:00:58 - PHP Warning:  Cannot modify header information - headers already sent by (output started at /home/xandr4ik/web/dev.bilios.ua/public_html/system/framework.php:42) in /home/xandr4ik/web/dev.bilios.ua/storage/modification/catalog/controller/startup/startup.php on line 173
2022-10-25 17:00:59 - PHP Unknown:  Using the "Twig_Loader_Array" class is deprecated since Twig version 2.7, use "Twig\Loader\ArrayLoader" instead. in /home/xandr4ik/web/dev.bilios.ua/storage/vendor/twig/twig/lib/Twig/Loader/Array.php on line 7
2022-10-25 17:00:59 - PHP Unknown:  Using the "Twig_Loader_Filesystem" class is deprecated since Twig version 2.7, use "Twig\Loader\FilesystemLoader" instead. in /home/xandr4ik/web/dev.bilios.ua/storage/vendor/twig/twig/lib/Twig/Loader/Filesystem.php on line 7
2022-10-25 17:00:59 - PHP Unknown:  Using the "Twig_Loader_Chain" class is deprecated since Twig version 2.7, use "Twig\Loader\ChainLoader" instead. in /home/xandr4ik/web/dev.bilios.ua/storage/vendor/twig/twig/lib/Twig/Loader/Chain.php on line 7
2022-10-25 17:01:04 - PHP Warning:  Undefined array key "HTTP_ACCEPT" in /home/xandr4ik/web/dev.bilios.ua/public_html/catalog/controller/extension/module/fast_images.php on line 79
2022-10-25 17:06:54 - PHP Notice:  date_default_timezone_set(): Timezone ID 'Europe/Kyiv' is invalid in /home/xandr4ik/web/dev.bilios.ua/storage/modification/catalog/controller/startup/startup.php on line 37
2022-10-25 17:08:01 - PHP Notice:  date_default_timezone_set(): Timezone ID 'Europe/Kyiv' is invalid in /home/xandr4ik/web/dev.bilios.ua/storage/modification/catalog/controller/startup/startup.php on line 37
2022-10-25 17:08:44 - PHP Notice:  date_default_timezone_set(): Timezone ID 'Europe/Kyiv' is invalid in /home/xandr4ik/web/dev.bilios.ua/storage/modification/catalog/controller/startup/startup.php on line 37
2022-10-25 17:21:07 - PHP Notice:  date_default_timezone_set(): Timezone ID 'Europe/Kyiv' is invalid in /home/xandr4ik/web/dev.bilios.ua/storage/modification/catalog/controller/startup/startup.php on line 37
2022-10-25 17:21:12 - PHP Notice:  date_default_timezone_set(): Timezone ID 'Europe/Kyiv' is invalid in /home/xandr4ik/web/dev.bilios.ua/storage/modification/catalog/controller/startup/startup.php on line 37
2022-10-25 17:21:19 - PHP Notice:  date_default_timezone_set(): Timezone ID 'Europe/Kyiv' is invalid in /home/xandr4ik/web/dev.bilios.ua/storage/modification/catalog/controller/startup/startup.php on line 37
2022-10-25 17:21:22 - PHP Notice:  date_default_timezone_set(): Timezone ID 'Europe/Kyiv' is invalid in /home/xandr4ik/web/dev.bilios.ua/storage/modification/catalog/controller/startup/startup.php on line 37
2022-10-25 17:21:24 - PHP Notice:  date_default_timezone_set(): Timezone ID 'Europe/Kyiv' is invalid in /home/xandr4ik/web/dev.bilios.ua/storage/modification/catalog/controller/startup/startup.php on line 37
2022-10-25 17:21:27 - PHP Notice:  date_default_timezone_set(): Timezone ID 'Europe/Kyiv' is invalid in /home/xandr4ik/web/dev.bilios.ua/storage/modification/catalog/controller/startup/startup.php on line 37
2022-10-25 17:21:29 - PHP Notice:  date_default_timezone_set(): Timezone ID 'Europe/Kyiv' is invalid in /home/xandr4ik/web/dev.bilios.ua/storage/modification/catalog/controller/startup/startup.php on line 37
2022-10-25 17:21:32 - PHP Notice:  date_default_timezone_set(): Timezone ID 'Europe/Kyiv' is invalid in /home/xandr4ik/web/dev.bilios.ua/storage/modification/catalog/controller/startup/startup.php on line 37
2022-10-25 17:21:36 - PHP Notice:  date_default_timezone_set(): Timezone ID 'Europe/Kyiv' is invalid in /home/xandr4ik/web/dev.bilios.ua/storage/modification/catalog/controller/startup/startup.php on line 37
2022-10-25 17:21:45 - PHP Notice:  date_default_timezone_set(): Timezone ID 'Europe/Kyiv' is invalid in /home/xandr4ik/web/dev.bilios.ua/storage/modification/catalog/controller/startup/startup.php on line 37
2022-10-25 17:21:46 - PHP Notice:  date_default_timezone_set(): Timezone ID 'Europe/Kyiv' is invalid in /home/xandr4ik/web/dev.bilios.ua/storage/modification/catalog/controller/startup/startup.php on line 37
2022-10-25 17:21:47 - PHP Notice:  date_default_timezone_set(): Timezone ID 'Europe/Kyiv' is invalid in /home/xandr4ik/web/dev.bilios.ua/storage/modification/catalog/controller/startup/startup.php on line 37
2022-10-25 17:21:56 - PHP Notice:  date_default_timezone_set(): Timezone ID 'Europe/Kyiv' is invalid in /home/xandr4ik/web/dev.bilios.ua/storage/modification/catalog/controller/startup/startup.php on line 37
2022-10-25 17:22:00 - PHP Notice:  date_default_timezone_set(): Timezone ID 'Europe/Kyiv' is invalid in /home/xandr4ik/web/dev.bilios.ua/storage/modification/catalog/controller/startup/startup.php on line 37
2022-10-25 17:22:00 - PHP Notice:  date_default_timezone_set(): Timezone ID 'Europe/Kyiv' is invalid in /home/xandr4ik/web/dev.bilios.ua/storage/modification/catalog/controller/startup/startup.php on line 37
2022-10-25 17:22:03 - PHP Notice:  date_default_timezone_set(): Timezone ID 'Europe/Kyiv' is invalid in /home/xandr4ik/web/dev.bilios.ua/storage/modification/catalog/controller/startup/startup.php on line 37
2022-10-25 17:22:16 - PHP Notice:  date_default_timezone_set(): Timezone ID 'Europe/Kyiv' is invalid in /home/xandr4ik/web/dev.bilios.ua/storage/modification/catalog/controller/startup/startup.php on line 37
2022-10-25 17:22:17 - PHP Notice:  date_default_timezone_set(): Timezone ID 'Europe/Kyiv' is invalid in /home/xandr4ik/web/dev.bilios.ua/storage/modification/catalog/controller/startup/startup.php on line 37
2022-10-25 17:22:18 - PHP Notice:  date_default_timezone_set(): Timezone ID 'Europe/Kyiv' is invalid in /home/xandr4ik/web/dev.bilios.ua/storage/modification/catalog/controller/startup/startup.php on line 37
2022-10-25 17:22:21 - PHP Notice:  date_default_timezone_set(): Timezone ID 'Europe/Kyiv' is invalid in /home/xandr4ik/web/dev.bilios.ua/storage/modification/catalog/controller/startup/startup.php on line 37
2022-10-25 17:22:22 - PHP Notice:  date_default_timezone_set(): Timezone ID 'Europe/Kyiv' is invalid in /home/xandr4ik/web/dev.bilios.ua/storage/modification/catalog/controller/startup/startup.php on line 37
2022-10-25 17:22:22 - PHP Notice:  date_default_timezone_set(): Timezone ID 'Europe/Kyiv' is invalid in /home/xandr4ik/web/dev.bilios.ua/storage/modification/catalog/controller/startup/startup.php on line 37
2022-10-25 17:22:23 - PHP Notice:  date_default_timezone_set(): Timezone ID 'Europe/Kyiv' is invalid in /home/xandr4ik/web/dev.bilios.ua/storage/modification/catalog/controller/startup/startup.php on line 37
2022-10-25 17:22:23 - PHP Notice:  date_default_timezone_set(): Timezone ID 'Europe/Kyiv' is invalid in /home/xandr4ik/web/dev.bilios.ua/storage/modification/catalog/controller/startup/startup.php on line 37
2022-10-25 17:22:23 - PHP Notice:  date_default_timezone_set(): Timezone ID 'Europe/Kyiv' is invalid in /home/xandr4ik/web/dev.bilios.ua/storage/modification/catalog/controller/startup/startup.php on line 37
2022-10-25 17:22:23 - PHP Notice:  date_default_timezone_set(): Timezone ID 'Europe/Kyiv' is invalid in /home/xandr4ik/web/dev.bilios.ua/storage/modification/catalog/controller/startup/startup.php on line 37
2022-10-25 17:22:24 - PHP Notice:  date_default_timezone_set(): Timezone ID 'Europe/Kyiv' is invalid in /home/xandr4ik/web/dev.bilios.ua/storage/modification/catalog/controller/startup/startup.php on line 37
2022-10-25 17:22:24 - PHP Notice:  date_default_timezone_set(): Timezone ID 'Europe/Kyiv' is invalid in /home/xandr4ik/web/dev.bilios.ua/storage/modification/catalog/controller/startup/startup.php on line 37
2022-10-25 17:22:25 - PHP Notice:  date_default_timezone_set(): Timezone ID 'Europe/Kyiv' is invalid in /home/xandr4ik/web/dev.bilios.ua/storage/modification/catalog/controller/startup/startup.php on line 37
2022-10-26 11:26:36 - PHP Notice:  date_default_timezone_set(): Timezone ID 'Europe/Kyiv' is invalid in /home/xandr4ik/web/dev.bilios.ua/public_html/admin/controller/startup/startup.php on line 17
2022-10-26 11:26:37 - PHP Notice:  date_default_timezone_set(): Timezone ID 'Europe/Kyiv' is invalid in /home/xandr4ik/web/dev.bilios.ua/public_html/admin/controller/startup/startup.php on line 17
2022-10-26 11:26:37 - PHP Notice:  date_default_timezone_set(): Timezone ID 'Europe/Kyiv' is invalid in /home/xandr4ik/web/dev.bilios.ua/public_html/admin/controller/startup/startup.php on line 17
2022-10-26 11:27:59 - PHP Notice:  date_default_timezone_set(): Timezone ID 'Europe/Kyiv' is invalid in /home/xandr4ik/web/dev.bilios.ua/public_html/admin/controller/startup/startup.php on line 17
2022-10-26 11:27:59 - PHP Notice:  date_default_timezone_set(): Timezone ID 'Europe/Kyiv' is invalid in /home/xandr4ik/web/dev.bilios.ua/public_html/admin/controller/startup/startup.php on line 17
2022-10-26 11:27:59 - PHP Notice:  date_default_timezone_set(): Timezone ID 'Europe/Kyiv' is invalid in /home/xandr4ik/web/dev.bilios.ua/public_html/admin/controller/startup/startup.php on line 17
2022-10-26 11:28:03 - PHP Notice:  date_default_timezone_set(): Timezone ID 'Europe/Kyiv' is invalid in /home/xandr4ik/web/dev.bilios.ua/storage/modification/catalog/controller/startup/startup.php on line 37
2022-10-26 11:28:05 - PHP Notice:  date_default_timezone_set(): Timezone ID 'Europe/Kyiv' is invalid in /home/xandr4ik/web/dev.bilios.ua/storage/modification/catalog/controller/startup/startup.php on line 37
2022-10-26 11:28:07 - PHP Notice:  date_default_timezone_set(): Timezone ID 'Europe/Kyiv' is invalid in /home/xandr4ik/web/dev.bilios.ua/storage/modification/catalog/controller/startup/startup.php on line 37
2022-10-26 11:28:07 - PHP Notice:  date_default_timezone_set(): Timezone ID 'Europe/Kyiv' is invalid in /home/xandr4ik/web/dev.bilios.ua/storage/modification/catalog/controller/startup/startup.php on line 37
2022-10-26 11:28:07 - PHP Notice:  date_default_timezone_set(): Timezone ID 'Europe/Kyiv' is invalid in /home/xandr4ik/web/dev.bilios.ua/storage/modification/catalog/controller/startup/startup.php on line 37
2022-10-26 11:28:07 - PHP Notice:  date_default_timezone_set(): Timezone ID 'Europe/Kyiv' is invalid in /home/xandr4ik/web/dev.bilios.ua/storage/modification/catalog/controller/startup/startup.php on line 37
2022-10-26 11:28:07 - PHP Notice:  date_default_timezone_set(): Timezone ID 'Europe/Kyiv' is invalid in /home/xandr4ik/web/dev.bilios.ua/storage/modification/catalog/controller/startup/startup.php on line 37
2022-10-26 11:28:07 - PHP Notice:  date_default_timezone_set(): Timezone ID 'Europe/Kyiv' is invalid in /home/xandr4ik/web/dev.bilios.ua/storage/modification/catalog/controller/startup/startup.php on line 37
2022-10-26 11:28:07 - PHP Notice:  date_default_timezone_set(): Timezone ID 'Europe/Kyiv' is invalid in /home/xandr4ik/web/dev.bilios.ua/storage/modification/catalog/controller/startup/startup.php on line 37
2022-10-26 11:28:07 - PHP Notice:  date_default_timezone_set(): Timezone ID 'Europe/Kyiv' is invalid in /home/xandr4ik/web/dev.bilios.ua/storage/modification/catalog/controller/startup/startup.php on line 37
2022-10-26 11:28:07 - PHP Notice:  date_default_timezone_set(): Timezone ID 'Europe/Kyiv' is invalid in /home/xandr4ik/web/dev.bilios.ua/storage/modification/catalog/controller/startup/startup.php on line 37
2022-10-26 11:28:07 - PHP Notice:  date_default_timezone_set(): Timezone ID 'Europe/Kyiv' is invalid in /home/xandr4ik/web/dev.bilios.ua/storage/modification/catalog/controller/startup/startup.php on line 37
2022-10-26 11:28:07 - PHP Notice:  date_default_timezone_set(): Timezone ID 'Europe/Kyiv' is invalid in /home/xandr4ik/web/dev.bilios.ua/storage/modification/catalog/controller/startup/startup.php on line 37
2022-10-26 11:28:09 - PHP Notice:  date_default_timezone_set(): Timezone ID 'Europe/Kyiv' is invalid in /home/xandr4ik/web/dev.bilios.ua/storage/modification/catalog/controller/startup/startup.php on line 37
2022-10-26 11:28:35 - PHP Notice:  date_default_timezone_set(): Timezone ID 'Europe/Kyiv' is invalid in /home/xandr4ik/web/dev.bilios.ua/storage/modification/catalog/controller/startup/startup.php on line 37
