
2022-09-12 21:30:00| Парсинг : УСПЕШНЫЙ ЗАПРОС  | Код ответа [200] Ссылка | https://teploff.ua/collection/leather

2022-09-12 21:30:01| Парсинг : ОТВЕТ  | Страница не найдена. Ответ сервера [404] Ссылка | https://teploff.ua/\"/page/oferta\" target=\"blank\"

2022-09-12 21:30:03| Парсинг : УСПЕШНЫЙ ЗАПРОС  | Код ответа [200] Ссылка | https://teploff.ua/

2022-09-12 21:30:04| Парсинг : УСПЕШНЫЙ ЗАПРОС  | Код ответа [200] Ссылка | https://teploff.ua/client_account/orders

2022-09-12 21:30:06| Парсинг : УСПЕШНЫЙ ЗАПРОС  | Код ответа [200] Ссылка | https://teploff.ua/compares

2022-09-12 21:30:07| Парсинг : УСПЕШНЫЙ ЗАПРОС  | Код ответа [200] Ссылка | https://teploff.ua/favorites

2022-09-12 21:30:10| Парсинг : УСПЕШНЫЙ ЗАПРОС  | Код ответа [200] Ссылка | https://teploff.ua/cart_items

2022-09-12 21:30:11| Парсинг : ОТВЕТ  | Страница не найдена. Ответ сервера [404] Ссылка | https://teploff.ua/tel:+380681507006

2022-09-12 21:30:11| Парсинг : УСПЕШНЫЙ ЗАПРОС  | Код ответа [200] Ссылка | https://teploff.ua/?lang=ru

2022-09-12 21:30:12| Парсинг : УСПЕШНЫЙ ЗАПРОС  | Код ответа [200] Ссылка | https://teploff.ua/collection/leather

2022-09-12 21:30:14| Парсинг : УСПЕШНЫЙ ЗАПРОС  | Код ответа [200] Ссылка | https://teploff.ua/collection/muzhchinam

2022-09-12 21:30:15| Парсинг : УСПЕШНЫЙ ЗАПРОС  | Код ответа [200] Ссылка | https://teploff.ua/collection/kozak

2022-09-12 21:30:17| Парсинг : УСПЕШНЫЙ ЗАПРОС  | Код ответа [200] Ссылка | https://teploff.ua/collection/man-wallets

2022-09-12 21:30:19| Парсинг : УСПЕШНЫЙ ЗАПРОС  | Код ответа [200] Ссылка | https://teploff.ua/collection/zazhimy-dlya-kupyur

2022-09-12 21:30:20| Парсинг : УСПЕШНЫЙ ЗАПРОС  | Код ответа [200] Ссылка | https://teploff.ua/collection/remni

2022-09-12 21:30:22| Парсинг : УСПЕШНЫЙ ЗАПРОС  | Код ответа [200] Ссылка | https://teploff.ua/collection/oblozhki-dlya-dokumentov

2022-09-12 21:30:25| Парсинг : УСПЕШНЫЙ ЗАПРОС  | Код ответа [200] Ссылка | https://teploff.ua/collection/sumki-i-bananki

2022-09-12 21:30:26| Парсинг : УСПЕШНЫЙ ЗАПРОС  | Код ответа [200] Ссылка | https://teploff.ua/collection/keykeepers

2022-09-12 21:30:28| Парсинг : УСПЕШНЫЙ ЗАПРОС  | Код ответа [200] Ссылка | https://teploff.ua/collection/gravirovki

2022-09-12 21:30:29| Парсинг : УСПЕШНЫЙ ЗАПРОС  | Код ответа [200] Ссылка | https://teploff.ua/collection/dlya-doma-i-ofisa

2022-09-12 21:30:31| Парсинг : УСПЕШНЫЙ ЗАПРОС  | Код ответа [200] Ссылка | https://teploff.ua/collection/podarunkovi-nabori

2022-09-12 21:30:33| Парсинг : УСПЕШНЫЙ ЗАПРОС  | Код ответа [200] Ссылка | https://teploff.ua/collection/woman

2022-09-12 21:30:35| Парсинг : УСПЕШНЫЙ ЗАПРОС  | Код ответа [200] Ссылка | https://teploff.ua/collection/koshelki-i-portmone

2022-09-12 21:30:37| Парсинг : УСПЕШНЫЙ ЗАПРОС  | Код ответа [200] Ссылка | https://teploff.ua/collection/sumki-i-ryukzaki

2022-09-12 21:30:38| Парсинг : УСПЕШНЫЙ ЗАПРОС  | Код ответа [200] Ссылка | https://teploff.ua/collection/remni-2

2022-09-12 21:30:39| Парсинг : УСПЕШНЫЙ ЗАПРОС  | Код ответа [200] Ссылка | https://teploff.ua/collection/klyuchnitsy-i-vizitnitsy

2022-09-12 21:30:40| Парсинг : УСПЕШНЫЙ ЗАПРОС  | Код ответа [200] Ссылка | https://teploff.ua/collection/dlya-doma-ofisa

2022-09-12 21:30:43| Парсинг : УСПЕШНЫЙ ЗАПРОС  | Код ответа [200] Ссылка | https://teploff.ua/collection/parfum

2022-09-12 21:30:44| Парсинг : УСПЕШНЫЙ ЗАПРОС  | Код ответа [200] Ссылка | https://teploff.ua/collection/aromadiffuzory

2022-09-12 21:30:46| Парсинг : УСПЕШНЫЙ ЗАПРОС  | Код ответа [200] Ссылка | https://teploff.ua/collection/avtoparfyumy

2022-09-12 21:30:47| Парсинг : УСПЕШНЫЙ ЗАПРОС  | Код ответа [200] Ссылка | https://teploff.ua/collection/auto-elit

2022-09-12 21:30:48| Парсинг : УСПЕШНЫЙ ЗАПРОС  | Код ответа [200] Ссылка | https://teploff.ua/collection/auto-standart

2022-09-12 21:30:49| Парсинг : УСПЕШНЫЙ ЗАПРОС  | Код ответа [200] Ссылка | https://teploff.ua/collection/wood

2022-09-12 21:30:50| Парсинг : УСПЕШНЫЙ ЗАПРОС  | Код ответа [200] Ссылка | https://teploff.ua/collection/wood-boxes

2022-09-12 21:30:51| Парсинг : УСПЕШНЫЙ ЗАПРОС  | Код ответа [200] Ссылка | https://teploff.ua/collection/azbuki-dlya-ditey

2022-09-12 21:30:53| Парсинг : УСПЕШНЫЙ ЗАПРОС  | Код ответа [200] Ссылка | https://teploff.ua/collection/decor-for-home

2022-09-12 21:30:54| Парсинг : УСПЕШНЫЙ ЗАПРОС  | Код ответа [200] Ссылка | https://teploff.ua/collection/korporativne-brenduvannya

2022-09-12 21:30:56| Парсинг : УСПЕШНЫЙ ЗАПРОС  | Код ответа [200] Ссылка | https://teploff.ua/collection/dlya-restoraniv-kafe-ta-bariv

2022-09-12 21:30:57| Парсинг : УСПЕШНЫЙ ЗАПРОС  | Код ответа [200] Ссылка | https://teploff.ua/collection/dlya-avtomagaziniv-ta-avtosaloniv

2022-09-12 21:30:58| Парсинг : УСПЕШНЫЙ ЗАПРОС  | Код ответа [200] Ссылка | https://teploff.ua/collection/nft

2022-09-12 21:30:59| Парсинг : УСПЕШНЫЙ ЗАПРОС  | Код ответа [200] Ссылка | https://teploff.ua/collection/kolektsiya-ukraine

2022-09-12 21:31:00| Парсинг : УСПЕШНЫЙ ЗАПРОС  | Код ответа [200] Ссылка | https://teploff.ua/page/vazhnaya-informatsiya

2022-09-12 21:31:02| Парсинг : УСПЕШНЫЙ ЗАПРОС  | Код ответа [200] Ссылка | https://teploff.ua/blogs/blog

2022-09-12 21:31:02| Парсинг : УСПЕШНЫЙ ЗАПРОС  | Код ответа [200] Ссылка | https://teploff.ua/page/contacts

2022-09-12 21:31:04| Парсинг : УСПЕШНЫЙ ЗАПРОС  | Код ответа [200] Ссылка | https://teploff.ua/page/feedback

2022-09-12 21:31:05| Парсинг : УСПЕШНЫЙ ЗАПРОС  | Код ответа [200] Ссылка | https://teploff.ua/client_account/login

2022-09-12 21:31:06| Парсинг : УСПЕШНЫЙ ЗАПРОС  | Код ответа [200] Ссылка | https://teploff.ua/client_account/contacts/new

2022-09-12 21:31:06| Парсинг : УСПЕШНЫЙ ЗАПРОС  | Код ответа [200] Ссылка | https://teploff.ua/page/delivery

2022-09-12 21:31:07| Парсинг : УСПЕШНЫЙ ЗАПРОС  | Код ответа [200] Ссылка | https://teploff.ua/page/payment

2022-09-12 21:31:10| Парсинг : УСПЕШНЫЙ ЗАПРОС  | Код ответа [200] Ссылка | https://teploff.ua/collection/all

2022-09-12 21:31:11| Парсинг : ОТВЕТ  | Страница не найдена. Ответ сервера [404] Ссылка | https://teploff.ua/tel:+380731507006

2022-09-12 21:31:12| Парсинг : УСПЕШНЫЙ ЗАПРОС  | Код ответа [200] Ссылка | https://teploff.ua/product/zipperkeyman-denver

2022-09-12 21:31:14| Парсинг : УСПЕШНЫЙ ЗАПРОС  | Код ответа [200] Ссылка | https://teploff.ua/product/zipper-keykeeper-man-flotar

2022-09-12 21:31:16| Парсинг : УСПЕШНЫЙ ЗАПРОС  | Код ответа [200] Ссылка | https://teploff.ua/product/pasport-cover-kozak

2022-09-12 21:31:17| Парсинг : УСПЕШНЫЙ ЗАПРОС  | Код ответа [200] Ссылка | https://teploff.ua/product/пормоне-обложка-kozak

2022-09-12 21:31:20| Парсинг : УСПЕШНЫЙ ЗАПРОС  | Код ответа [200] Ссылка | https://teploff.ua/product/кошелек-smart-kozak-с-отделом-для-монет

2022-09-12 21:31:22| Парсинг : УСПЕШНЫЙ ЗАПРОС  | Код ответа [200] Ссылка | https://teploff.ua/product/кошелек-smart-kozak

2022-09-12 21:31:23| Парсинг : УСПЕШНЫЙ ЗАПРОС  | Код ответа [200] Ссылка | https://teploff.ua/product/зажим-для-денег-ultra-kozak-с-лястиком

2022-09-12 21:31:24| Парсинг : УСПЕШНЫЙ ЗАПРОС  | Код ответа [200] Ссылка | https://teploff.ua/product/зажим-для-денег-ultra-kozak-на-кнопках

2022-09-12 21:31:26| Парсинг : УСПЕШНЫЙ ЗАПРОС  | Код ответа [200] Ссылка | https://teploff.ua/product/ergo-kozak

2022-09-12 21:31:27| Парсинг : УСПЕШНЫЙ ЗАПРОС  | Код ответа [200] Ссылка | https://teploff.ua/product/ergo-kozak-с-отделом-для-монет

2022-09-12 21:31:29| Парсинг : УСПЕШНЫЙ ЗАПРОС  | Код ответа [200] Ссылка | https://teploff.ua/product/classic-kozak

2022-09-12 21:31:30| Парсинг : УСПЕШНЫЙ ЗАПРОС  | Код ответа [200] Ссылка | https://teploff.ua/product/messenger

2022-09-12 21:31:32| Парсинг : УСПЕШНЫЙ ЗАПРОС  | Код ответа [200] Ссылка | https://teploff.ua/product/bag-everyday

2022-09-12 21:31:34| Парсинг : УСПЕШНЫЙ ЗАПРОС  | Код ответа [200] Ссылка | https://teploff.ua/product/potmone-cover

2022-09-12 21:31:36| Парсинг : УСПЕШНЫЙ ЗАПРОС  | Код ответа [200] Ссылка | https://teploff.ua/product/klatch-barsetka

2022-09-12 21:31:37| Парсинг : УСПЕШНЫЙ ЗАПРОС  | Код ответа [200] Ссылка | https://teploff.ua/product/travel-case

2022-09-12 21:31:40| Парсинг : УСПЕШНЫЙ ЗАПРОС  | Код ответа [200] Ссылка | https://teploff.ua/product/smart-plus

2022-09-12 21:31:41| Парсинг : УСПЕШНЫЙ ЗАПРОС  | Код ответа [200] Ссылка | https://teploff.ua/product/roadbag-white

2022-09-12 21:31:43| Парсинг : УСПЕШНЫЙ ЗАПРОС  | Код ответа [200] Ссылка | https://teploff.ua/product/roadbag-black-red

2022-09-12 21:31:44| Парсинг : УСПЕШНЫЙ ЗАПРОС  | Код ответа [200] Ссылка | https://teploff.ua/product/backpack-denver

2022-09-12 21:31:46| Парсинг : УСПЕШНЫЙ ЗАПРОС  | Код ответа [200] Ссылка | https://teploff.ua/product/backpack-s

2022-09-12 21:31:47| Парсинг : УСПЕШНЫЙ ЗАПРОС  | Код ответа [200] Ссылка | https://teploff.ua/product/zip-wallet

2022-09-12 21:31:49| Парсинг : УСПЕШНЫЙ ЗАПРОС  | Код ответа [200] Ссылка | https://teploff.ua/product/belt-brown

2022-09-12 21:31:51| Парсинг : УСПЕШНЫЙ ЗАПРОС  | Код ответа [200] Ссылка | https://teploff.ua/product/shopper-elit

2022-09-12 21:31:53| Парсинг : УСПЕШНЫЙ ЗАПРОС  | Код ответа [200] Ссылка | https://teploff.ua/product/smart

2022-09-12 21:31:56| Парсинг : УСПЕШНЫЙ ЗАПРОС  | Код ответа [200] Ссылка | https://teploff.ua/product/hummer-plus

2022-09-12 21:31:57| Парсинг : УСПЕШНЫЙ ЗАПРОС  | Код ответа [200] Ссылка | https://teploff.ua/product/mans-klatch

2022-09-12 21:31:59| Парсинг : УСПЕШНЫЙ ЗАПРОС  | Код ответа [200] Ссылка | https://teploff.ua/product/housekeeper-kaiser

2022-09-12 21:32:00| Парсинг : УСПЕШНЫЙ ЗАПРОС  | Код ответа [200] Ссылка | https://teploff.ua/product/classic-plus

2022-09-12 21:32:03| Парсинг : УСПЕШНЫЙ ЗАПРОС  | Код ответа [200] Ссылка | https://teploff.ua/product/crossbody-crazy

2022-09-12 21:32:05| Парсинг : УСПЕШНЫЙ ЗАПРОС  | Код ответа [200] Ссылка | https://teploff.ua/product/planshetka

2022-09-12 21:32:07| Парсинг : УСПЕШНЫЙ ЗАПРОС  | Код ответа [200] Ссылка | https://teploff.ua/product/road-bag

2022-09-12 21:32:08| Парсинг : УСПЕШНЫЙ ЗАПРОС  | Код ответа [200] Ссылка | https://teploff.ua/product/visitnitsa-kaiser

2022-09-12 21:32:10| Парсинг : УСПЕШНЫЙ ЗАПРОС  | Код ответа [200] Ссылка | https://teploff.ua/product/individual-kaiser

2022-09-12 21:32:11| Парсинг : УСПЕШНЫЙ ЗАПРОС  | Код ответа [200] Ссылка | https://teploff.ua/product/butterfly

2022-09-12 21:32:13| Парсинг : УСПЕШНЫЙ ЗАПРОС  | Код ответа [200] Ссылка | https://teploff.ua/product/zipper-key-case-dn

2022-09-12 21:32:15| Парсинг : УСПЕШНЫЙ ЗАПРОС  | Код ответа [200] Ссылка | https://teploff.ua/product/zipper-key-case-flotar

2022-09-12 21:32:16| Парсинг : УСПЕШНЫЙ ЗАПРОС  | Код ответа [200] Ссылка | https://teploff.ua/product/zipper-key-keeper

2022-09-12 21:32:18| Парсинг : УСПЕШНЫЙ ЗАПРОС  | Код ответа [200] Ссылка | https://teploff.ua/product/bag-classic-flotar

2022-09-12 21:32:19| Парсинг : УСПЕШНЫЙ ЗАПРОС  | Код ответа [200] Ссылка | https://teploff.ua/product/bananka-flotar

2022-09-12 21:32:20| Парсинг : ОТВЕТ  | Страница не найдена. Ответ сервера [404] Ссылка | https://teploff.ua/${productData.url}

2022-09-12 21:32:21| Парсинг : УСПЕШНЫЙ ЗАПРОС  | Код ответа [200] Ссылка | https://teploff.ua/product/sumka-foryou

2022-09-12 21:32:23| Парсинг : УСПЕШНЫЙ ЗАПРОС  | Код ответа [200] Ссылка | https://teploff.ua/product/card-case-impessive

2022-09-12 21:32:24| Парсинг : УСПЕШНЫЙ ЗАПРОС  | Код ответа [200] Ссылка | https://teploff.ua/product/exellent

2022-09-12 21:32:26| Парсинг : УСПЕШНЫЙ ЗАПРОС  | Код ответа [200] Ссылка | https://teploff.ua/product/hummer

2022-09-12 21:32:28| Парсинг : УСПЕШНЫЙ ЗАПРОС  | Код ответа [200] Ссылка | https://teploff.ua/product/ultra

2022-09-12 21:32:29| Парсинг : УСПЕШНЫЙ ЗАПРОС  | Код ответа [200] Ссылка | https://teploff.ua/client_account/password/change

2022-09-12 21:32:30| Парсинг : УСПЕШНЫЙ ЗАПРОС  | Код ответа [200] Ссылка | https://teploff.ua/auth/facebook

2022-09-12 21:32:36| Парсинг : УСПЕШНЫЙ ЗАПРОС  | Код ответа [200] Ссылка | https://teploff.ua/auth/google

2022-09-12 21:32:37| Парсинг : УСПЕШНЫЙ ЗАПРОС  | Код ответа [200] Ссылка | https://teploff.ua/product/avtoparfyum-bubble-gum-7-ml

2022-09-12 21:32:38| Парсинг : УСПЕШНЫЙ ЗАПРОС  | Код ответа [200] Ссылка | https://teploff.ua/product/carolina-herrera-bad-boy

2022-09-12 21:32:40| Парсинг : УСПЕШНЫЙ ЗАПРОС  | Код ответа [200] Ссылка | https://teploff.ua/product/chanel-egoist-platinum

2022-09-12 21:32:41| Парсинг : УСПЕШНЫЙ ЗАПРОС  | Код ответа [200] Ссылка | https://teploff.ua/product/автопарфюм-dior-sauvage

2022-09-12 21:32:42| Парсинг : ОТВЕТ  | Страница не найдена. Ответ сервера [404] Ссылка | https://teploff.ua/&#39;/page/oferta&#39; target=&#39;blank&#39;

2022-09-12 21:32:44| Парсинг : УСПЕШНЫЙ ЗАПРОС  | Код ответа [200] Ссылка | https://teploff.ua/cart_items?lang=ru

2022-09-12 21:32:44| Парсинг : УСПЕШНЫЙ ЗАПРОС  | Код ответа [200] Ссылка | https://teploff.ua/?lang=ua

2022-09-12 21:32:46| Парсинг : УСПЕШНЫЙ ЗАПРОС  | Код ответа [200] Ссылка | https://teploff.ua/collection/leather?lang=ru

2022-09-12 21:32:49| Парсинг : УСПЕШНЫЙ ЗАПРОС  | Код ответа [200] Ссылка | https://teploff.ua/collection/muzhchinam?lang=ru

2022-09-12 21:32:50| Парсинг : УСПЕШНЫЙ ЗАПРОС  | Код ответа [200] Ссылка | https://teploff.ua/collection/kozak?lang=ru

2022-09-12 21:32:52| Парсинг : УСПЕШНЫЙ ЗАПРОС  | Код ответа [200] Ссылка | https://teploff.ua/collection/man-wallets?lang=ru

2022-09-12 21:32:53| Парсинг : УСПЕШНЫЙ ЗАПРОС  | Код ответа [200] Ссылка | https://teploff.ua/collection/zazhimy-dlya-kupyur?lang=ru

2022-09-12 21:32:55| Парсинг : УСПЕШНЫЙ ЗАПРОС  | Код ответа [200] Ссылка | https://teploff.ua/collection/remni?lang=ru

2022-09-12 21:32:58| Парсинг : УСПЕШНЫЙ ЗАПРОС  | Код ответа [200] Ссылка | https://teploff.ua/collection/oblozhki-dlya-dokumentov?lang=ru

2022-09-12 21:32:59| Парсинг : УСПЕШНЫЙ ЗАПРОС  | Код ответа [200] Ссылка | https://teploff.ua/collection/sumki-i-bananki?lang=ru

2022-09-12 21:33:02| Парсинг : УСПЕШНЫЙ ЗАПРОС  | Код ответа [200] Ссылка | https://teploff.ua/collection/keykeepers?lang=ru

2022-09-12 21:33:04| Парсинг : УСПЕШНЫЙ ЗАПРОС  | Код ответа [200] Ссылка | https://teploff.ua/collection/gravirovki?lang=ru

2022-09-12 21:33:05| Парсинг : УСПЕШНЫЙ ЗАПРОС  | Код ответа [200] Ссылка | https://teploff.ua/collection/dlya-doma-i-ofisa?lang=ru

2022-09-12 21:33:07| Парсинг : УСПЕШНЫЙ ЗАПРОС  | Код ответа [200] Ссылка | https://teploff.ua/collection/podarunkovi-nabori?lang=ru

2022-09-12 21:33:09| Парсинг : УСПЕШНЫЙ ЗАПРОС  | Код ответа [200] Ссылка | https://teploff.ua/collection/woman?lang=ru

2022-09-12 21:33:10| Парсинг : УСПЕШНЫЙ ЗАПРОС  | Код ответа [200] Ссылка | https://teploff.ua/collection/koshelki-i-portmone?lang=ru

2022-09-12 21:33:11| Парсинг : УСПЕШНЫЙ ЗАПРОС  | Код ответа [200] Ссылка | https://teploff.ua/collection/sumki-i-ryukzaki?lang=ru

2022-09-12 21:33:12| Парсинг : УСПЕШНЫЙ ЗАПРОС  | Код ответа [200] Ссылка | https://teploff.ua/collection/remni-2?lang=ru

2022-09-12 21:33:14| Парсинг : УСПЕШНЫЙ ЗАПРОС  | Код ответа [200] Ссылка | https://teploff.ua/collection/klyuchnitsy-i-vizitnitsy?lang=ru

2022-09-12 21:33:15| Парсинг : УСПЕШНЫЙ ЗАПРОС  | Код ответа [200] Ссылка | https://teploff.ua/collection/dlya-doma-ofisa?lang=ru

2022-09-12 21:33:17| Парсинг : УСПЕШНЫЙ ЗАПРОС  | Код ответа [200] Ссылка | https://teploff.ua/collection/parfum?lang=ru

2022-09-12 21:33:18| Парсинг : УСПЕШНЫЙ ЗАПРОС  | Код ответа [200] Ссылка | https://teploff.ua/collection/aromadiffuzory?lang=ru

2022-09-12 21:33:20| Парсинг : УСПЕШНЫЙ ЗАПРОС  | Код ответа [200] Ссылка | https://teploff.ua/collection/avtoparfyumy?lang=ru

2022-09-12 21:33:21| Парсинг : УСПЕШНЫЙ ЗАПРОС  | Код ответа [200] Ссылка | https://teploff.ua/collection/auto-elit?lang=ru

2022-09-12 21:33:22| Парсинг : УСПЕШНЫЙ ЗАПРОС  | Код ответа [200] Ссылка | https://teploff.ua/collection/auto-standart?lang=ru

2022-09-12 21:33:23| Парсинг : УСПЕШНЫЙ ЗАПРОС  | Код ответа [200] Ссылка | https://teploff.ua/collection/wood?lang=ru

2022-09-12 21:33:24| Парсинг : УСПЕШНЫЙ ЗАПРОС  | Код ответа [200] Ссылка | https://teploff.ua/collection/wood-boxes?lang=ru

2022-09-12 21:33:26| Парсинг : УСПЕШНЫЙ ЗАПРОС  | Код ответа [200] Ссылка | https://teploff.ua/collection/azbuki-dlya-ditey?lang=ru

2022-09-12 21:33:27| Парсинг : УСПЕШНЫЙ ЗАПРОС  | Код ответа [200] Ссылка | https://teploff.ua/collection/decor-for-home?lang=ru

2022-09-12 21:33:28| Парсинг : УСПЕШНЫЙ ЗАПРОС  | Код ответа [200] Ссылка | https://teploff.ua/collection/korporativne-brenduvannya?lang=ru

2022-09-12 21:33:30| Парсинг : УСПЕШНЫЙ ЗАПРОС  | Код ответа [200] Ссылка | https://teploff.ua/collection/dlya-restoraniv-kafe-ta-bariv?lang=ru

2022-09-12 21:33:32| Парсинг : УСПЕШНЫЙ ЗАПРОС  | Код ответа [200] Ссылка | https://teploff.ua/collection/dlya-avtomagaziniv-ta-avtosaloniv?lang=ru

2022-09-12 21:33:33| Парсинг : УСПЕШНЫЙ ЗАПРОС  | Код ответа [200] Ссылка | https://teploff.ua/collection/nft?lang=ru

2022-09-12 21:33:34| Парсинг : УСПЕШНЫЙ ЗАПРОС  | Код ответа [200] Ссылка | https://teploff.ua/collection/kolektsiya-ukraine?lang=ru

2022-09-12 21:33:36| Парсинг : УСПЕШНЫЙ ЗАПРОС  | Код ответа [200] Ссылка | https://teploff.ua/page/vazhnaya-informatsiya?lang=ru

2022-09-12 21:33:37| Парсинг : УСПЕШНЫЙ ЗАПРОС  | Код ответа [200] Ссылка | https://teploff.ua/blogs/blog?lang=ru

2022-09-12 21:33:38| Парсинг : УСПЕШНЫЙ ЗАПРОС  | Код ответа [200] Ссылка | https://teploff.ua/page/contacts?lang=ru

2022-09-12 21:33:39| Парсинг : УСПЕШНЫЙ ЗАПРОС  | Код ответа [200] Ссылка | https://teploff.ua/page/feedback?lang=ru

2022-09-12 21:33:40| Парсинг : УСПЕШНЫЙ ЗАПРОС  | Код ответа [200] Ссылка | https://teploff.ua/client_account/login?lang=ru

2022-09-12 21:33:42| Парсинг : УСПЕШНЫЙ ЗАПРОС  | Код ответа [200] Ссылка | https://teploff.ua/client_account/contacts/new?lang=ru

2022-09-12 21:33:43| Парсинг : УСПЕШНЫЙ ЗАПРОС  | Код ответа [200] Ссылка | https://teploff.ua/page/delivery?lang=ru

2022-09-12 21:33:44| Парсинг : УСПЕШНЫЙ ЗАПРОС  | Код ответа [200] Ссылка | https://teploff.ua/page/payment?lang=ru

2022-09-12 21:33:46| Парсинг : УСПЕШНЫЙ ЗАПРОС  | Код ответа [200] Ссылка | https://teploff.ua/collection/all?lang=ru

2022-09-12 21:33:47| Парсинг : УСПЕШНЫЙ ЗАПРОС  | Код ответа [200] Ссылка | https://teploff.ua/product/sumka-foryou?lang=ru

2022-09-12 21:33:49| Парсинг : УСПЕШНЫЙ ЗАПРОС  | Код ответа [200] Ссылка | https://teploff.ua/product/card-case-impessive?lang=ru

2022-09-12 21:33:50| Парсинг : УСПЕШНЫЙ ЗАПРОС  | Код ответа [200] Ссылка | https://teploff.ua/product/exellent?lang=ru

2022-09-12 21:33:52| Парсинг : УСПЕШНЫЙ ЗАПРОС  | Код ответа [200] Ссылка | https://teploff.ua/product/smart-plus?lang=ru

2022-09-12 21:33:54| Парсинг : УСПЕШНЫЙ ЗАПРОС  | Код ответа [200] Ссылка | https://teploff.ua/product/smart?lang=ru

2022-09-12 21:33:57| Парсинг : УСПЕШНЫЙ ЗАПРОС  | Код ответа [200] Ссылка | https://teploff.ua/product/hummer-plus?lang=ru

2022-09-12 21:33:58| Парсинг : УСПЕШНЫЙ ЗАПРОС  | Код ответа [200] Ссылка | https://teploff.ua/product/hummer?lang=ru

2022-09-12 21:34:00| Парсинг : УСПЕШНЫЙ ЗАПРОС  | Код ответа [200] Ссылка | https://teploff.ua/product/ultra?lang=ru

2022-09-12 21:34:01| Парсинг : УСПЕШНЫЙ ЗАПРОС  | Код ответа [200] Ссылка | https://teploff.ua/product/pasport-cover-kozak?lang=ru

2022-09-12 21:34:04| Парсинг : УСПЕШНЫЙ ЗАПРОС  | Код ответа [200] Ссылка | https://teploff.ua/product/пормоне-обложка-kozak?lang=ru

2022-09-12 21:34:06| Парсинг : УСПЕШНЫЙ ЗАПРОС  | Код ответа [200] Ссылка | https://teploff.ua/product/кошелек-smart-kozak-с-отделом-для-монет?lang=ru

2022-09-12 21:34:07| Парсинг : УСПЕШНЫЙ ЗАПРОС  | Код ответа [200] Ссылка | https://teploff.ua/product/bananka

2022-09-12 21:34:08| Парсинг : УСПЕШНЫЙ ЗАПРОС  | Код ответа [200] Ссылка | https://teploff.ua/product/bag-classic

2022-09-12 21:34:11| Парсинг : УСПЕШНЫЙ ЗАПРОС  | Код ответа [200] Ссылка | https://teploff.ua/product/bliss

2022-09-12 21:34:12| Парсинг : УСПЕШНЫЙ ЗАПРОС  | Код ответа [200] Ссылка | https://teploff.ua/product/classic

2022-09-12 21:34:15| Парсинг : УСПЕШНЫЙ ЗАПРОС  | Код ответа [200] Ссылка | https://teploff.ua/product/compact

2022-09-12 21:34:16| Парсинг : УСПЕШНЫЙ ЗАПРОС  | Код ответа [200] Ссылка | https://teploff.ua/product/cardholder

2022-09-12 21:34:18| Парсинг : УСПЕШНЫЙ ЗАПРОС  | Код ответа [200] Ссылка | https://teploff.ua/product/belt-black

2022-09-12 21:34:20| Парсинг : УСПЕШНЫЙ ЗАПРОС  | Код ответа [200] Ссылка | https://teploff.ua/product/keykeeper-kozak

2022-09-12 21:34:21| Парсинг : УСПЕШНЫЙ ЗАПРОС  | Код ответа [200] Ссылка | https://teploff.ua/product/classic-money-clip

2022-09-12 21:34:24| Парсинг : УСПЕШНЫЙ ЗАПРОС  | Код ответа [200] Ссылка | https://teploff.ua/product/ergo

2022-09-12 21:34:26| Парсинг : УСПЕШНЫЙ ЗАПРОС  | Код ответа [200] Ссылка | https://teploff.ua/product/ergo-plus

2022-09-12 21:34:29| Парсинг : УСПЕШНЫЙ ЗАПРОС  | Код ответа [200] Ссылка | https://teploff.ua/product/klatch-koshelek-crocodile-naturalnaya-kozha

2022-09-12 21:34:30| Парсинг : УСПЕШНЫЙ ЗАПРОС  | Код ответа [200] Ссылка | https://teploff.ua/product/belt-black-old-silver

2022-09-12 21:34:32| Парсинг : УСПЕШНЫЙ ЗАПРОС  | Код ответа [200] Ссылка | https://teploff.ua/product/belt-black-steel

2022-09-12 21:34:34| Парсинг : УСПЕШНЫЙ ЗАПРОС  | Код ответа [200] Ссылка | https://teploff.ua/product/belt-black-brass

2022-09-12 21:34:35| Парсинг : УСПЕШНЫЙ ЗАПРОС  | Код ответа [200] Ссылка | https://teploff.ua/product/belt-black-silver

2022-09-12 21:34:37| Парсинг : УСПЕШНЫЙ ЗАПРОС  | Код ответа [200] Ссылка | https://teploff.ua/product/belt-brown-black

2022-09-12 21:34:39| Парсинг : УСПЕШНЫЙ ЗАПРОС  | Код ответа [200] Ссылка | https://teploff.ua/product/belt-brown-silver

2022-09-12 21:34:40| Парсинг : УСПЕШНЫЙ ЗАПРОС  | Код ответа [200] Ссылка | https://teploff.ua/product/belt-brown-brass

2022-09-12 21:34:43| Парсинг : УСПЕШНЫЙ ЗАПРОС  | Код ответа [200] Ссылка | https://teploff.ua/product/belt-cognac-brass

2022-09-12 21:34:44| Парсинг : УСПЕШНЫЙ ЗАПРОС  | Код ответа [200] Ссылка | https://teploff.ua/product/license-cover

2022-09-12 21:34:45| Парсинг : УСПЕШНЫЙ ЗАПРОС  | Код ответа [200] Ссылка | https://teploff.ua/product/passport-cover

2022-09-12 21:34:47| Парсинг : УСПЕШНЫЙ ЗАПРОС  | Код ответа [200] Ссылка | https://teploff.ua/product/bananka-2

2022-09-12 21:34:49| Парсинг : УСПЕШНЫЙ ЗАПРОС  | Код ответа [200] Ссылка | https://teploff.ua/product/ryukzak-modern-naruralna-shkira-flotar

2022-09-12 21:34:51| Парсинг : УСПЕШНЫЙ ЗАПРОС  | Код ответа [200] Ссылка | https://teploff.ua/product/ryukzak-city-naruralna-shkira-flotar

2022-09-12 21:34:53| Парсинг : УСПЕШНЫЙ ЗАПРОС  | Код ответа [200] Ссылка | https://teploff.ua/product/papka-tir

2022-09-12 21:34:54| Парсинг : УСПЕШНЫЙ ЗАПРОС  | Код ответа [200] Ссылка | https://teploff.ua/product/portfel-tir

2022-09-12 21:34:55| Парсинг : УСПЕШНЫЙ ЗАПРОС  | Код ответа [200] Ссылка | https://teploff.ua/product/keykeeper-crazy

2022-09-12 21:34:58| Парсинг : УСПЕШНЫЙ ЗАПРОС  | Код ответа [200] Ссылка | https://teploff.ua/product/kardholder-slim

2022-09-12 21:34:58| Парсинг : УСПЕШНЫЙ ЗАПРОС  | Код ответа [200] Ссылка | https://teploff.ua/product/derevyana-podarunkova-korobka

2022-09-12 21:35:01| Парсинг : УСПЕШНЫЙ ЗАПРОС  | Код ответа [200] Ссылка | https://teploff.ua/product/kosmetichka-naturalna-shkira-flotar

2022-09-12 21:35:02| Парсинг : УСПЕШНЫЙ ЗАПРОС  | Код ответа [200] Ссылка | https://teploff.ua/product/kilimok-dlya-kompyuternoyi-mishki-naturalna-shkira

2022-09-12 21:35:03| Парсинг : УСПЕШНЫЙ ЗАПРОС  | Код ответа [200] Ссылка | https://teploff.ua/product/nabir-ultra

2022-09-12 21:35:05| Парсинг : УСПЕШНЫЙ ЗАПРОС  | Код ответа [200] Ссылка | https://teploff.ua/product/podarochnyy-nabor-kozhanyh-izdeliy-smart

2022-09-12 21:35:08| Парсинг : УСПЕШНЫЙ ЗАПРОС  | Код ответа [200] Ссылка | https://teploff.ua/product/podarunkoviy-nabir-shkiryanih-virobiv-classic

2022-09-12 21:35:09| Парсинг : УСПЕШНЫЙ ЗАПРОС  | Код ответа [200] Ссылка | https://teploff.ua/product/gamanets-beauty-bag-naturalna-shkira-flotar

2022-09-12 21:35:12| Парсинг : УСПЕШНЫЙ ЗАПРОС  | Код ответа [200] Ссылка | https://teploff.ua/product/sumka-zhinocha-classic-naturalna-shkira-flotar

2022-09-12 21:35:13| Парсинг : УСПЕШНЫЙ ЗАПРОС  | Код ответа [200] Ссылка | https://teploff.ua/product/belle

2022-09-12 21:35:15| Парсинг : УСПЕШНЫЙ ЗАПРОС  | Код ответа [200] Ссылка | https://teploff.ua/product/belle-coins

2022-09-12 21:35:18| Парсинг : УСПЕШНЫЙ ЗАПРОС  | Код ответа [200] Ссылка | https://teploff.ua/product/belt-yelow-flotar

2022-09-12 21:35:19| Парсинг : УСПЕШНЫЙ ЗАПРОС  | Код ответа [200] Ссылка | https://teploff.ua/product/belt-black-flotar

2022-09-12 21:35:21| Парсинг : УСПЕШНЫЙ ЗАПРОС  | Код ответа [200] Ссылка | https://teploff.ua/product/belt-salad-flotar

2022-09-12 21:35:22| Парсинг : УСПЕШНЫЙ ЗАПРОС  | Код ответа [200] Ссылка | https://teploff.ua/product/belt-haki-flotar

2022-09-12 21:35:24| Парсинг : УСПЕШНЫЙ ЗАПРОС  | Код ответа [200] Ссылка | https://teploff.ua/product/belt-marsala-flotar

2022-09-12 21:35:25| Парсинг : УСПЕШНЫЙ ЗАПРОС  | Код ответа [200] Ссылка | https://teploff.ua/product/belt-grey-taup-flotar

2022-09-12 21:35:27| Парсинг : УСПЕШНЫЙ ЗАПРОС  | Код ответа [200] Ссылка | https://teploff.ua/product/belt-pudra-flotar

2022-09-12 21:35:28| Парсинг : УСПЕШНЫЙ ЗАПРОС  | Код ответа [200] Ссылка | https://teploff.ua/product/belt-red-flotar

2022-09-12 21:35:31| Парсинг : УСПЕШНЫЙ ЗАПРОС  | Код ответа [200] Ссылка | https://teploff.ua/product/belt-blue-flotar

2022-09-12 21:35:33| Парсинг : УСПЕШНЫЙ ЗАПРОС  | Код ответа [200] Ссылка | https://teploff.ua/product/belt-white-flotar

2022-09-12 21:35:34| Парсинг : УСПЕШНЫЙ ЗАПРОС  | Код ответа [200] Ссылка | https://teploff.ua/product/tiziana-terenzi-kirke

2022-09-12 21:35:36| Парсинг : УСПЕШНЫЙ ЗАПРОС  | Код ответа [200] Ссылка | https://teploff.ua/product/tom-ford-tabacco-vanille

2022-09-12 21:35:37| Парсинг : УСПЕШНЫЙ ЗАПРОС  | Код ответа [200] Ссылка | https://teploff.ua/product/nihilo-narcotique

2022-09-12 21:35:39| Парсинг : УСПЕШНЫЙ ЗАПРОС  | Код ответа [200] Ссылка | https://teploff.ua/product/montale-chocolate-greedy

2022-09-12 21:35:40| Парсинг : УСПЕШНЫЙ ЗАПРОС  | Код ответа [200] Ссылка | https://teploff.ua/product/paco-rabanne-x-s-black-l-exces

2022-09-12 21:35:42| Парсинг : УСПЕШНЫЙ ЗАПРОС  | Код ответа [200] Ссылка | https://teploff.ua/product/dolce-gabbana-l-imperatrice

2022-09-12 21:35:43| Парсинг : УСПЕШНЫЙ ЗАПРОС  | Код ответа [200] Ссылка | https://teploff.ua/product/paco-rabanne-1-million-men

2022-09-12 21:35:45| Парсинг : УСПЕШНЫЙ ЗАПРОС  | Код ответа [200] Ссылка | https://teploff.ua/product/chokolate

2022-09-12 21:35:47| Парсинг : УСПЕШНЫЙ ЗАПРОС  | Код ответа [200] Ссылка | https://teploff.ua/product/aromadiffuser-pomagranate

2022-09-12 21:35:48| Парсинг : УСПЕШНЫЙ ЗАПРОС  | Код ответа [200] Ссылка | https://teploff.ua/product/dynya-aromadiffuzoraromapalochki-100-ml

2022-09-12 21:35:49| Парсинг : УСПЕШНЫЙ ЗАПРОС  | Код ответа [200] Ссылка | https://teploff.ua/product/persik-banan-aromadiffuzoraromapalochki-100-ml

2022-09-12 21:35:50| Парсинг : УСПЕШНЫЙ ЗАПРОС  | Код ответа [200] Ссылка | https://teploff.ua/product/grusha-aromadiffuzoraromapalochki-100-ml

2022-09-12 21:35:52| Парсинг : УСПЕШНЫЙ ЗАПРОС  | Код ответа [200] Ссылка | https://teploff.ua/product/vinograd-malina-aromadiffuzoraromapalochki-100-ml

2022-09-12 21:35:54| Парсинг : УСПЕШНЫЙ ЗАПРОС  | Код ответа [200] Ссылка | https://teploff.ua/product/tiramisu-aromadiffuzoraromapalochki-100-ml

2022-09-12 21:35:56| Парсинг : УСПЕШНЫЙ ЗАПРОС  | Код ответа [200] Ссылка | https://teploff.ua/product/kola-aromadiffuzoraromapalochki-100-ml

2022-09-12 21:35:57| Парсинг : УСПЕШНЫЙ ЗАПРОС  | Код ответа [200] Ссылка | https://teploff.ua/product/sliva-s-molokom-aromadiffuzoraromapalochki-100-ml

2022-09-12 21:35:59| Парсинг : УСПЕШНЫЙ ЗАПРОС  | Код ответа [200] Ссылка | https://teploff.ua/product/kakao-aromadiffuzoraromapalochki-100-ml

2022-09-12 21:36:00| Парсинг : УСПЕШНЫЙ ЗАПРОС  | Код ответа [200] Ссылка | https://teploff.ua/product/karamel-aromadiffuzoraromapalochki-100-ml

2022-09-12 21:36:02| Парсинг : УСПЕШНЫЙ ЗАПРОС  | Код ответа [200] Ссылка | https://teploff.ua/product/chernyy-led-aromadiffuzoraromapalochki-100-ml

2022-09-12 21:36:03| Парсинг : УСПЕШНЫЙ ЗАПРОС  | Код ответа [200] Ссылка | https://teploff.ua/product/ananas-aromadiffuzoraromapalochki-100-ml

2022-09-12 21:36:05| Парсинг : УСПЕШНЫЙ ЗАПРОС  | Код ответа [200] Ссылка | https://teploff.ua/product/avtoparfyum-spicy-lemon-7-ml

2022-09-12 21:36:06| Парсинг : УСПЕШНЫЙ ЗАПРОС  | Код ответа [200] Ссылка | https://teploff.ua/product/avtoparfyum-tuti-fruti-7-ml

2022-09-12 21:36:08| Парсинг : УСПЕШНЫЙ ЗАПРОС  | Код ответа [200] Ссылка | https://teploff.ua/product/avtoparfyum-new-car-7-ml

2022-09-12 21:36:09| Парсинг : УСПЕШНЫЙ ЗАПРОС  | Код ответа [200] Ссылка | https://teploff.ua/product/avtoparfyum-cofee-cainnamon-7-ml

2022-09-12 21:36:10| Парсинг : УСПЕШНЫЙ ЗАПРОС  | Код ответа [200] Ссылка | https://teploff.ua/product/menu-horeka

2022-09-12 21:36:13| Парсинг : УСПЕШНЫЙ ЗАПРОС  | Код ответа [200] Ссылка | https://teploff.ua/product/trinket-brand

2022-09-12 21:36:14| Парсинг : УСПЕШНЫЙ ЗАПРОС  | Код ответа [200] Ссылка | https://teploff.ua/product/brelok-dlya-garderobu

2022-09-12 21:36:15| Парсинг : УСПЕШНЫЙ ЗАПРОС  | Код ответа [200] Ссылка | https://teploff.ua/product/pidstavka-dlya-posudu

2022-09-12 21:36:16| Парсинг : УСПЕШНЫЙ ЗАПРОС  | Код ответа [200] Ссылка | https://teploff.ua/product/rahivnitsya-1

2022-09-12 21:36:18| Парсинг : УСПЕШНЫЙ ЗАПРОС  | Код ответа [200] Ссылка | https://teploff.ua/product/rahivnitsya-2

2022-09-12 21:36:19| Парсинг : УСПЕШНЫЙ ЗАПРОС  | Код ответа [200] Ссылка | https://teploff.ua/product/brelok-shkiryaniy-proshitiy-z-vashim-logotipom

2022-09-12 21:36:21| Парсинг : УСПЕШНЫЙ ЗАПРОС  | Код ответа [200] Ссылка | https://teploff.ua/product/brelok-z-karabinom-proshitiy-z-vashim-logotipom

2022-09-12 21:36:22| Парсинг : УСПЕШНЫЙ ЗАПРОС  | Код ответа [200] Ссылка | https://teploff.ua/product/rahivnitsya

2022-09-12 21:36:23| Парсинг : ОТВЕТ  | Страница не найдена. Ответ сервера [404] Ссылка | https://teploff.ua/page/politics

2022-09-12 21:36:24| Парсинг : ОТВЕТ  | Страница не найдена. Ответ сервера [404] Ссылка | https://teploff.ua/page/offerta

2022-09-12 21:36:25| Парсинг : УСПЕШНЫЙ ЗАПРОС  | Код ответа [200] Ссылка | https://teploff.ua/blogs/blog/tags/crazy-horse

2022-09-12 21:36:26| Парсинг : УСПЕШНЫЙ ЗАПРОС  | Код ответа [200] Ссылка | https://teploff.ua/blogs/blog/tags/crazy

2022-09-12 21:36:27| Парсинг : УСПЕШНЫЙ ЗАПРОС  | Код ответа [200] Ссылка | https://teploff.ua/blogs/blog/tags/naturalnaya-kozha

2022-09-12 21:36:29| Парсинг : УСПЕШНЫЙ ЗАПРОС  | Код ответа [200] Ссылка | https://teploff.ua/blogs/blog/tags/kozha

2022-09-12 21:36:30| Парсинг : УСПЕШНЫЙ ЗАПРОС  | Код ответа [200] Ссылка | https://teploff.ua/blogs/blog/tags/patina

2022-09-12 21:36:31| Парсинг : УСПЕШНЫЙ ЗАПРОС  | Код ответа [200] Ссылка | https://teploff.ua/blogs/blog/tags/naturalna-shkira

2022-09-12 21:36:32| Парсинг : УСПЕШНЫЙ ЗАПРОС  | Код ответа [200] Ссылка | https://teploff.ua/blogs/blog/what-is-leather-patina

2022-09-12 21:36:33| Парсинг : УСПЕШНЫЙ ЗАПРОС  | Код ответа [200] Ссылка | https://teploff.ua/blogs/blog/chto-takoe-crazy

2022-09-12 21:36:34| Парсинг : ОТВЕТ  | Страница не найдена. Ответ сервера [404] Ссылка | https://teploff.ua/mailto:main.teploff@gmail.com

2022-09-12 21:36:35| Парсинг : ОТВЕТ  | Страница не найдена. Ответ сервера [404] Ссылка | https://teploff.ua/page/oferta

2022-09-12 21:36:36| Парсинг : УСПЕШНЫЙ ЗАПРОС  | Код ответа [200] Ссылка | https://teploff.ua/client_account/session/new

2022-09-12 21:36:37| Парсинг : УСПЕШНЫЙ ЗАПРОС  | Код ответа [200] Ссылка | https://teploff.ua/#video-1

2022-09-12 21:36:38| Парсинг : УСПЕШНЫЙ ЗАПРОС  | Код ответа [200] Ссылка | https://teploff.ua/#video-2

2022-09-12 21:36:39| Парсинг : ОТВЕТ  | Страница не найдена. Ответ сервера [404] Ссылка | https://teploff.ua/r.php?locale=uk_UA

2022-09-12 21:36:40| Парсинг : УСПЕШНЫЙ ЗАПРОС  | Код ответа [200] Ссылка | https://teploff.ua/#

2022-09-12 21:36:41| Парсинг : ОТВЕТ  | Страница не найдена. Ответ сервера [404] Ссылка | https://teploff.ua/reg/

2022-09-12 21:36:41| Парсинг : УСПЕШНЫЙ ЗАПРОС  | Код ответа [200] Ссылка | https://teploff.ua/login/

2022-09-12 21:36:42| Парсинг : ОТВЕТ  | Страница не найдена. Ответ сервера [404] Ссылка | https://teploff.ua/lite/

2022-09-12 21:36:43| Парсинг : ОТВЕТ  | Страница не найдена. Ответ сервера [404] Ссылка | https://teploff.ua/places/

2022-09-12 21:36:44| Парсинг : ОТВЕТ  | Страница не найдена. Ответ сервера [404] Ссылка | https://teploff.ua/games/

2022-09-12 21:36:45| Парсинг : ОТВЕТ  | Страница не найдена. Ответ сервера [404] Ссылка | https://teploff.ua/marketplace/

2022-09-12 21:36:46| Парсинг : ОТВЕТ  | Страница не найдена. Ответ сервера [404] Ссылка | https://teploff.ua/local/lists/245019872666104/

2022-09-12 21:36:47| Парсинг : ОТВЕТ  | Страница не найдена. Ответ сервера [404] Ссылка | https://teploff.ua/fundraisers/

2022-09-12 21:36:48| Парсинг : ОТВЕТ  | Страница не найдена. Ответ сервера [404] Ссылка | https://teploff.ua/biz/directory/

2022-09-12 21:36:49| Парсинг : ОТВЕТ  | Страница не найдена. Ответ сервера [404] Ссылка | https://teploff.ua/votinginformationcenter/?entry_point=c2l0ZQ%3D%3D

2022-09-12 21:36:50| Парсинг : ОТВЕТ  | Страница не найдена. Ответ сервера [404] Ссылка | https://teploff.ua/groups/explore/

2022-09-12 21:36:51| Парсинг : ОТВЕТ  | Страница не найдена. Ответ сервера [404] Ссылка | https://teploff.ua/ad_campaign/landing.php?placement=pflo&campaign_id=402047449186&nav_source=unknown&extra_1=auto

2022-09-12 21:36:52| Парсинг : ОТВЕТ  | Страница не найдена. Ответ сервера [404] Ссылка | https://teploff.ua/pages/create/?ref_type=site_footer

2022-09-12 21:36:54| Парсинг : ОТВЕТ  | Страница не найдена. Ответ сервера [404] Ссылка | https://teploff.ua/careers/?ref=pf

2022-09-12 21:36:55| Парсинг : ОТВЕТ  | Страница не найдена. Ответ сервера [404] Ссылка | https://teploff.ua/privacy/policy/?entry_point=facebook_page_footer

2022-09-12 21:36:56| Парсинг : ОТВЕТ  | Страница не найдена. Ответ сервера [404] Ссылка | https://teploff.ua/policies/cookies/

2022-09-12 21:36:57| Парсинг : ОТВЕТ  | Страница не найдена. Ответ сервера [404] Ссылка | https://teploff.ua/policies?ref=pf

2022-09-12 21:36:58| Парсинг : ОТВЕТ  | Страница не найдена. Ответ сервера [404] Ссылка | https://teploff.ua/help/?ref=pf

2022-09-12 21:36:59| Парсинг : ОТВЕТ  | Страница не найдена. Ответ сервера [404] Ссылка | https://teploff.ua/help/637205020878504

2022-09-12 21:37:00| Парсинг : ОТВЕТ  | Страница не найдена. Ответ сервера [404] Ссылка | https://teploff.ua/settings

2022-09-12 21:37:01| Парсинг : ОТВЕТ  | Страница не найдена. Ответ сервера [404] Ссылка | https://teploff.ua/allactivity?privacy_source=activity_log_top_menu

2022-09-12 21:37:02| Парсинг : ОТВЕТ  | Страница не найдена. Ответ сервера [404] Ссылка | https://teploff.ua/+_.Zu(_.fv(e))+

2022-09-12 21:37:03| Парсинг : УСПЕШНЫЙ ЗАПРОС  | Код ответа [200] Ссылка | https://teploff.ua/product/shopper-elit?lang=ru

2022-09-12 21:37:05| Парсинг : УСПЕШНЫЙ ЗАПРОС  | Код ответа [200] Ссылка | https://teploff.ua/product/avtoparfyum-bubble-gum-7-ml?lang=ru

2022-09-12 21:37:06| Парсинг : УСПЕШНЫЙ ЗАПРОС  | Код ответа [200] Ссылка | https://teploff.ua/product/carolina-herrera-bad-boy?lang=ru

2022-09-12 21:37:08| Парсинг : УСПЕШНЫЙ ЗАПРОС  | Код ответа [200] Ссылка | https://teploff.ua/product/chanel-egoist-platinum?lang=ru

2022-09-12 21:37:09| Парсинг : УСПЕШНЫЙ ЗАПРОС  | Код ответа [200] Ссылка | https://teploff.ua/product/автопарфюм-dior-sauvage?lang=ru

2022-09-12 21:37:10| Парсинг : УСПЕШНЫЙ ЗАПРОС  | Код ответа [200] Ссылка | https://teploff.ua/product/zipperkeyman-denver?lang=ru

2022-09-12 21:37:12| Парсинг : УСПЕШНЫЙ ЗАПРОС  | Код ответа [200] Ссылка | https://teploff.ua/product/zipper-keykeeper-man-flotar?lang=ru

2022-09-12 21:37:13| Парсинг : УСПЕШНЫЙ ЗАПРОС  | Код ответа [200] Ссылка | https://teploff.ua/product/кошелек-smart-kozak?lang=ru

2022-09-12 21:37:14| Парсинг : УСПЕШНЫЙ ЗАПРОС  | Код ответа [200] Ссылка | https://teploff.ua/product/зажим-для-денег-ultra-kozak-с-лястиком?lang=ru

2022-09-12 21:37:16| Парсинг : УСПЕШНЫЙ ЗАПРОС  | Код ответа [200] Ссылка | https://teploff.ua/product/зажим-для-денег-ultra-kozak-на-кнопках?lang=ru

2022-09-12 21:37:17| Парсинг : УСПЕШНЫЙ ЗАПРОС  | Код ответа [200] Ссылка | https://teploff.ua/product/ergo-kozak?lang=ru

2022-09-12 21:37:19| Парсинг : УСПЕШНЫЙ ЗАПРОС  | Код ответа [200] Ссылка | https://teploff.ua/product/ergo-kozak-с-отделом-для-монет?lang=ru

2022-09-12 21:37:20| Парсинг : УСПЕШНЫЙ ЗАПРОС  | Код ответа [200] Ссылка | https://teploff.ua/product/classic-kozak?lang=ru

2022-09-12 21:37:22| Парсинг : УСПЕШНЫЙ ЗАПРОС  | Код ответа [200] Ссылка | https://teploff.ua/product/messenger?lang=ru

2022-09-12 21:37:23| Парсинг : УСПЕШНЫЙ ЗАПРОС  | Код ответа [200] Ссылка | https://teploff.ua/product/bag-everyday?lang=ru

2022-09-12 21:37:26| Парсинг : УСПЕШНЫЙ ЗАПРОС  | Код ответа [200] Ссылка | https://teploff.ua/product/potmone-cover?lang=ru

2022-09-12 21:37:27| Парсинг : УСПЕШНЫЙ ЗАПРОС  | Код ответа [200] Ссылка | https://teploff.ua/product/klatch-barsetka?lang=ru

2022-09-12 21:37:28| Парсинг : УСПЕШНЫЙ ЗАПРОС  | Код ответа [200] Ссылка | https://teploff.ua/product/travel-case?lang=ru

2022-09-12 21:37:30| Парсинг : УСПЕШНЫЙ ЗАПРОС  | Код ответа [200] Ссылка | https://teploff.ua/product/roadbag-white?lang=ru

2022-09-12 21:37:32| Парсинг : УСПЕШНЫЙ ЗАПРОС  | Код ответа [200] Ссылка | https://teploff.ua/product/roadbag-black-red?lang=ru

2022-09-12 21:37:33| Парсинг : УСПЕШНЫЙ ЗАПРОС  | Код ответа [200] Ссылка | https://teploff.ua/product/backpack-denver?lang=ru

2022-09-12 21:37:35| Парсинг : УСПЕШНЫЙ ЗАПРОС  | Код ответа [200] Ссылка | https://teploff.ua/product/backpack-s?lang=ru

2022-09-12 21:37:37| Парсинг : УСПЕШНЫЙ ЗАПРОС  | Код ответа [200] Ссылка | https://teploff.ua/product/zip-wallet?lang=ru

2022-09-12 21:37:39| Парсинг : УСПЕШНЫЙ ЗАПРОС  | Код ответа [200] Ссылка | https://teploff.ua/product/belt-brown?lang=ru

2022-09-12 21:37:40| Парсинг : УСПЕШНЫЙ ЗАПРОС  | Код ответа [200] Ссылка | https://teploff.ua/product/mans-klatch?lang=ru

2022-09-12 21:37:41| Парсинг : УСПЕШНЫЙ ЗАПРОС  | Код ответа [200] Ссылка | https://teploff.ua/product/housekeeper-kaiser?lang=ru

2022-09-12 21:37:43| Парсинг : УСПЕШНЫЙ ЗАПРОС  | Код ответа [200] Ссылка | https://teploff.ua/product/classic-plus?lang=ru

2022-09-12 21:37:44| Парсинг : УСПЕШНЫЙ ЗАПРОС  | Код ответа [200] Ссылка | https://teploff.ua/product/crossbody-crazy?lang=ru

2022-09-12 21:37:46| Парсинг : УСПЕШНЫЙ ЗАПРОС  | Код ответа [200] Ссылка | https://teploff.ua/product/planshetka?lang=ru

2022-09-12 21:37:47| Парсинг : УСПЕШНЫЙ ЗАПРОС  | Код ответа [200] Ссылка | https://teploff.ua/product/road-bag?lang=ru

2022-09-12 21:37:49| Парсинг : УСПЕШНЫЙ ЗАПРОС  | Код ответа [200] Ссылка | https://teploff.ua/product/visitnitsa-kaiser?lang=ru

2022-09-12 21:37:51| Парсинг : УСПЕШНЫЙ ЗАПРОС  | Код ответа [200] Ссылка | https://teploff.ua/product/individual-kaiser?lang=ru

2022-09-12 21:37:53| Парсинг : УСПЕШНЫЙ ЗАПРОС  | Код ответа [200] Ссылка | https://teploff.ua/product/butterfly?lang=ru

2022-09-12 21:37:55| Парсинг : УСПЕШНЫЙ ЗАПРОС  | Код ответа [200] Ссылка | https://teploff.ua/product/zipper-key-case-dn?lang=ru

2022-09-12 21:37:56| Парсинг : УСПЕШНЫЙ ЗАПРОС  | Код ответа [200] Ссылка | https://teploff.ua/product/zipper-key-case-flotar?lang=ru

2022-09-12 21:37:58| Парсинг : УСПЕШНЫЙ ЗАПРОС  | Код ответа [200] Ссылка | https://teploff.ua/product/zipper-key-keeper?lang=ru

2022-09-12 21:38:00| Парсинг : УСПЕШНЫЙ ЗАПРОС  | Код ответа [200] Ссылка | https://teploff.ua/product/bag-classic-flotar?lang=ru

2022-09-12 21:38:01| Парсинг : УСПЕШНЫЙ ЗАПРОС  | Код ответа [200] Ссылка | https://teploff.ua/product/bananka-flotar?lang=ru

2022-09-12 21:38:02| Парсинг : УСПЕШНЫЙ ЗАПРОС  | Код ответа [200] Ссылка | https://teploff.ua/product/bananka?lang=ru

2022-09-12 21:38:04| Парсинг : УСПЕШНЫЙ ЗАПРОС  | Код ответа [200] Ссылка | https://teploff.ua/product/bag-classic?lang=ru

2022-09-12 21:38:06| Парсинг : УСПЕШНЫЙ ЗАПРОС  | Код ответа [200] Ссылка | https://teploff.ua/product/bliss?lang=ru

2022-09-12 21:38:07| Парсинг : УСПЕШНЫЙ ЗАПРОС  | Код ответа [200] Ссылка | https://teploff.ua/product/classic?lang=ru

2022-09-12 21:38:10| Парсинг : УСПЕШНЫЙ ЗАПРОС  | Код ответа [200] Ссылка | https://teploff.ua/product/compact?lang=ru

2022-09-12 21:38:11| Парсинг : УСПЕШНЫЙ ЗАПРОС  | Код ответа [200] Ссылка | https://teploff.ua/product/cardholder?lang=ru

2022-09-12 21:38:13| Парсинг : УСПЕШНЫЙ ЗАПРОС  | Код ответа [200] Ссылка | https://teploff.ua/product/belt-black?lang=ru

2022-09-12 21:38:14| Парсинг : УСПЕШНЫЙ ЗАПРОС  | Код ответа [200] Ссылка | https://teploff.ua/product/keykeeper-kozak?lang=ru

2022-09-12 21:38:16| Парсинг : УСПЕШНЫЙ ЗАПРОС  | Код ответа [200] Ссылка | https://teploff.ua/product/classic-money-clip?lang=ru

2022-09-12 21:38:18| Парсинг : УСПЕШНЫЙ ЗАПРОС  | Код ответа [200] Ссылка | https://teploff.ua/product/ergo?lang=ru

2022-09-12 21:38:20| Парсинг : УСПЕШНЫЙ ЗАПРОС  | Код ответа [200] Ссылка | https://teploff.ua/product/ergo-plus?lang=ru

2022-09-12 21:38:21| Парсинг : УСПЕШНЫЙ ЗАПРОС  | Код ответа [200] Ссылка | https://teploff.ua/product/klatch-koshelek-crocodile-naturalnaya-kozha?lang=ru

2022-09-12 21:38:23| Парсинг : УСПЕШНЫЙ ЗАПРОС  | Код ответа [200] Ссылка | https://teploff.ua/product/belt-black-old-silver?lang=ru

2022-09-12 21:38:25| Парсинг : УСПЕШНЫЙ ЗАПРОС  | Код ответа [200] Ссылка | https://teploff.ua/product/belt-black-steel?lang=ru

2022-09-12 21:38:27| Парсинг : УСПЕШНЫЙ ЗАПРОС  | Код ответа [200] Ссылка | https://teploff.ua/product/belt-black-brass?lang=ru

2022-09-12 21:38:28| Парсинг : УСПЕШНЫЙ ЗАПРОС  | Код ответа [200] Ссылка | https://teploff.ua/product/belt-black-silver?lang=ru

2022-09-12 21:38:30| Парсинг : УСПЕШНЫЙ ЗАПРОС  | Код ответа [200] Ссылка | https://teploff.ua/product/belt-brown-black?lang=ru

2022-09-12 21:38:33| Парсинг : УСПЕШНЫЙ ЗАПРОС  | Код ответа [200] Ссылка | https://teploff.ua/product/belt-brown-silver?lang=ru

2022-09-12 21:38:34| Парсинг : УСПЕШНЫЙ ЗАПРОС  | Код ответа [200] Ссылка | https://teploff.ua/product/belt-brown-brass?lang=ru

2022-09-12 21:38:36| Парсинг : УСПЕШНЫЙ ЗАПРОС  | Код ответа [200] Ссылка | https://teploff.ua/product/belt-cognac-brass?lang=ru

2022-09-12 21:38:37| Парсинг : УСПЕШНЫЙ ЗАПРОС  | Код ответа [200] Ссылка | https://teploff.ua/product/license-cover?lang=ru

2022-09-12 21:38:39| Парсинг : УСПЕШНЫЙ ЗАПРОС  | Код ответа [200] Ссылка | https://teploff.ua/product/passport-cover?lang=ru

2022-09-12 21:38:40| Парсинг : УСПЕШНЫЙ ЗАПРОС  | Код ответа [200] Ссылка | https://teploff.ua/product/bananka-2?lang=ru

2022-09-12 21:38:41| Парсинг : УСПЕШНЫЙ ЗАПРОС  | Код ответа [200] Ссылка | https://teploff.ua/product/ryukzak-modern-naruralna-shkira-flotar?lang=ru

2022-09-12 21:38:42| Парсинг : УСПЕШНЫЙ ЗАПРОС  | Код ответа [200] Ссылка | https://teploff.ua/product/ryukzak-city-naruralna-shkira-flotar?lang=ru

2022-09-12 21:38:44| Парсинг : УСПЕШНЫЙ ЗАПРОС  | Код ответа [200] Ссылка | https://teploff.ua/product/papka-tir?lang=ru

2022-09-12 21:38:46| Парсинг : УСПЕШНЫЙ ЗАПРОС  | Код ответа [200] Ссылка | https://teploff.ua/product/portfel-tir?lang=ru

2022-09-12 21:38:47| Парсинг : УСПЕШНЫЙ ЗАПРОС  | Код ответа [200] Ссылка | https://teploff.ua/product/keykeeper-crazy?lang=ru

2022-09-12 21:38:48| Парсинг : УСПЕШНЫЙ ЗАПРОС  | Код ответа [200] Ссылка | https://teploff.ua/product/kardholder-slim?lang=ru

2022-09-12 21:38:50| Парсинг : УСПЕШНЫЙ ЗАПРОС  | Код ответа [200] Ссылка | https://teploff.ua/product/derevyana-podarunkova-korobka?lang=ru

2022-09-12 21:38:52| Парсинг : УСПЕШНЫЙ ЗАПРОС  | Код ответа [200] Ссылка | https://teploff.ua/product/kosmetichka-naturalna-shkira-flotar?lang=ru

2022-09-12 21:38:53| Парсинг : УСПЕШНЫЙ ЗАПРОС  | Код ответа [200] Ссылка | https://teploff.ua/product/kilimok-dlya-kompyuternoyi-mishki-naturalna-shkira?lang=ru

2022-09-12 21:38:55| Парсинг : УСПЕШНЫЙ ЗАПРОС  | Код ответа [200] Ссылка | https://teploff.ua/product/nabir-ultra?lang=ru

2022-09-12 21:38:56| Парсинг : УСПЕШНЫЙ ЗАПРОС  | Код ответа [200] Ссылка | https://teploff.ua/product/podarochnyy-nabor-kozhanyh-izdeliy-smart?lang=ru

2022-09-12 21:38:57| Парсинг : УСПЕШНЫЙ ЗАПРОС  | Код ответа [200] Ссылка | https://teploff.ua/product/podarunkoviy-nabir-shkiryanih-virobiv-classic?lang=ru

2022-09-12 21:38:58| Парсинг : УСПЕШНЫЙ ЗАПРОС  | Код ответа [200] Ссылка | https://teploff.ua/product/gamanets-beauty-bag-naturalna-shkira-flotar?lang=ru

2022-09-12 21:38:59| Парсинг : УСПЕШНЫЙ ЗАПРОС  | Код ответа [200] Ссылка | https://teploff.ua/product/sumka-zhinocha-classic-naturalna-shkira-flotar?lang=ru

2022-09-12 21:39:01| Парсинг : УСПЕШНЫЙ ЗАПРОС  | Код ответа [200] Ссылка | https://teploff.ua/product/belle?lang=ru

2022-09-12 21:39:02| Парсинг : УСПЕШНЫЙ ЗАПРОС  | Код ответа [200] Ссылка | https://teploff.ua/product/belle-coins?lang=ru

2022-09-12 21:39:04| Парсинг : УСПЕШНЫЙ ЗАПРОС  | Код ответа [200] Ссылка | https://teploff.ua/product/belt-yelow-flotar?lang=ru

2022-09-12 21:39:06| Парсинг : УСПЕШНЫЙ ЗАПРОС  | Код ответа [200] Ссылка | https://teploff.ua/product/belt-black-flotar?lang=ru

2022-09-12 21:39:08| Парсинг : УСПЕШНЫЙ ЗАПРОС  | Код ответа [200] Ссылка | https://teploff.ua/product/belt-salad-flotar?lang=ru

2022-09-12 21:39:09| Парсинг : УСПЕШНЫЙ ЗАПРОС  | Код ответа [200] Ссылка | https://teploff.ua/product/belt-haki-flotar?lang=ru

2022-09-12 21:39:11| Парсинг : УСПЕШНЫЙ ЗАПРОС  | Код ответа [200] Ссылка | https://teploff.ua/product/belt-marsala-flotar?lang=ru

2022-09-12 21:39:13| Парсинг : УСПЕШНЫЙ ЗАПРОС  | Код ответа [200] Ссылка | https://teploff.ua/product/belt-grey-taup-flotar?lang=ru

2022-09-12 21:39:14| Парсинг : УСПЕШНЫЙ ЗАПРОС  | Код ответа [200] Ссылка | https://teploff.ua/product/belt-pudra-flotar?lang=ru

2022-09-12 21:39:16| Парсинг : УСПЕШНЫЙ ЗАПРОС  | Код ответа [200] Ссылка | https://teploff.ua/product/belt-red-flotar?lang=ru

2022-09-12 21:39:17| Парсинг : УСПЕШНЫЙ ЗАПРОС  | Код ответа [200] Ссылка | https://teploff.ua/product/belt-blue-flotar?lang=ru

2022-09-12 21:39:19| Парсинг : УСПЕШНЫЙ ЗАПРОС  | Код ответа [200] Ссылка | https://teploff.ua/product/belt-white-flotar?lang=ru

2022-09-12 21:39:20| Парсинг : УСПЕШНЫЙ ЗАПРОС  | Код ответа [200] Ссылка | https://teploff.ua/product/tiziana-terenzi-kirke?lang=ru

2022-09-12 21:39:22| Парсинг : УСПЕШНЫЙ ЗАПРОС  | Код ответа [200] Ссылка | https://teploff.ua/product/tom-ford-tabacco-vanille?lang=ru

2022-09-12 21:39:23| Парсинг : УСПЕШНЫЙ ЗАПРОС  | Код ответа [200] Ссылка | https://teploff.ua/product/nihilo-narcotique?lang=ru

2022-09-12 21:39:25| Парсинг : УСПЕШНЫЙ ЗАПРОС  | Код ответа [200] Ссылка | https://teploff.ua/product/montale-chocolate-greedy?lang=ru

2022-09-12 21:39:27| Парсинг : УСПЕШНЫЙ ЗАПРОС  | Код ответа [200] Ссылка | https://teploff.ua/product/paco-rabanne-x-s-black-l-exces?lang=ru

2022-09-12 21:39:29| Парсинг : УСПЕШНЫЙ ЗАПРОС  | Код ответа [200] Ссылка | https://teploff.ua/product/dolce-gabbana-l-imperatrice?lang=ru

2022-09-12 21:39:30| Парсинг : УСПЕШНЫЙ ЗАПРОС  | Код ответа [200] Ссылка | https://teploff.ua/product/paco-rabanne-1-million-men?lang=ru

2022-09-12 21:39:32| Парсинг : УСПЕШНЫЙ ЗАПРОС  | Код ответа [200] Ссылка | https://teploff.ua/product/chokolate?lang=ru

2022-09-12 21:39:34| Парсинг : УСПЕШНЫЙ ЗАПРОС  | Код ответа [200] Ссылка | https://teploff.ua/product/aromadiffuser-pomagranate?lang=ru

2022-09-12 21:39:35| Парсинг : УСПЕШНЫЙ ЗАПРОС  | Код ответа [200] Ссылка | https://teploff.ua/product/dynya-aromadiffuzoraromapalochki-100-ml?lang=ru

2022-09-12 21:39:36| Парсинг : УСПЕШНЫЙ ЗАПРОС  | Код ответа [200] Ссылка | https://teploff.ua/product/persik-banan-aromadiffuzoraromapalochki-100-ml?lang=ru

2022-09-12 21:39:38| Парсинг : УСПЕШНЫЙ ЗАПРОС  | Код ответа [200] Ссылка | https://teploff.ua/product/grusha-aromadiffuzoraromapalochki-100-ml?lang=ru

2022-09-12 21:39:40| Парсинг : УСПЕШНЫЙ ЗАПРОС  | Код ответа [200] Ссылка | https://teploff.ua/product/vinograd-malina-aromadiffuzoraromapalochki-100-ml?lang=ru

2022-09-12 21:39:41| Парсинг : УСПЕШНЫЙ ЗАПРОС  | Код ответа [200] Ссылка | https://teploff.ua/product/tiramisu-aromadiffuzoraromapalochki-100-ml?lang=ru

2022-09-12 21:39:43| Парсинг : УСПЕШНЫЙ ЗАПРОС  | Код ответа [200] Ссылка | https://teploff.ua/product/kola-aromadiffuzoraromapalochki-100-ml?lang=ru

2022-09-12 21:39:45| Парсинг : УСПЕШНЫЙ ЗАПРОС  | Код ответа [200] Ссылка | https://teploff.ua/product/sliva-s-molokom-aromadiffuzoraromapalochki-100-ml?lang=ru

2022-09-12 21:39:46| Парсинг : УСПЕШНЫЙ ЗАПРОС  | Код ответа [200] Ссылка | https://teploff.ua/product/kakao-aromadiffuzoraromapalochki-100-ml?lang=ru

2022-09-12 21:39:48| Парсинг : УСПЕШНЫЙ ЗАПРОС  | Код ответа [200] Ссылка | https://teploff.ua/product/karamel-aromadiffuzoraromapalochki-100-ml?lang=ru

2022-09-12 21:39:50| Парсинг : УСПЕШНЫЙ ЗАПРОС  | Код ответа [200] Ссылка | https://teploff.ua/product/chernyy-led-aromadiffuzoraromapalochki-100-ml?lang=ru

2022-09-12 21:39:51| Парсинг : УСПЕШНЫЙ ЗАПРОС  | Код ответа [200] Ссылка | https://teploff.ua/product/ananas-aromadiffuzoraromapalochki-100-ml?lang=ru

2022-09-12 21:39:52| Парсинг : УСПЕШНЫЙ ЗАПРОС  | Код ответа [200] Ссылка | https://teploff.ua/product/avtoparfyum-spicy-lemon-7-ml?lang=ru

2022-09-12 21:39:54| Парсинг : УСПЕШНЫЙ ЗАПРОС  | Код ответа [200] Ссылка | https://teploff.ua/product/avtoparfyum-tuti-fruti-7-ml?lang=ru

2022-09-12 21:39:55| Парсинг : УСПЕШНЫЙ ЗАПРОС  | Код ответа [200] Ссылка | https://teploff.ua/product/avtoparfyum-new-car-7-ml?lang=ru

2022-09-12 21:39:57| Парсинг : УСПЕШНЫЙ ЗАПРОС  | Код ответа [200] Ссылка | https://teploff.ua/product/avtoparfyum-cofee-cainnamon-7-ml?lang=ru

2022-09-12 21:39:58| Парсинг : УСПЕШНЫЙ ЗАПРОС  | Код ответа [200] Ссылка | https://teploff.ua/product/menu-horeka?lang=ru

2022-09-12 21:39:59| Парсинг : УСПЕШНЫЙ ЗАПРОС  | Код ответа [200] Ссылка | https://teploff.ua/product/trinket-brand?lang=ru

2022-09-12 21:40:01| Парсинг : УСПЕШНЫЙ ЗАПРОС  | Код ответа [200] Ссылка | https://teploff.ua/product/brelok-dlya-garderobu?lang=ru

2022-09-12 21:40:02| Парсинг : УСПЕШНЫЙ ЗАПРОС  | Код ответа [200] Ссылка | https://teploff.ua/product/pidstavka-dlya-posudu?lang=ru

2022-09-12 21:40:04| Парсинг : УСПЕШНЫЙ ЗАПРОС  | Код ответа [200] Ссылка | https://teploff.ua/product/rahivnitsya-1?lang=ru

2022-09-12 21:40:05| Парсинг : УСПЕШНЫЙ ЗАПРОС  | Код ответа [200] Ссылка | https://teploff.ua/product/rahivnitsya-2?lang=ru

2022-09-12 21:40:09| Парсинг : УСПЕШНЫЙ ЗАПРОС  | Код ответа [200] Ссылка | https://teploff.ua/product/brelok-shkiryaniy-proshitiy-z-vashim-logotipom?lang=ru

2022-09-12 21:40:11| Парсинг : УСПЕШНЫЙ ЗАПРОС  | Код ответа [200] Ссылка | https://teploff.ua/product/brelok-z-karabinom-proshitiy-z-vashim-logotipom?lang=ru

2022-09-12 21:40:12| Парсинг : УСПЕШНЫЙ ЗАПРОС  | Код ответа [200] Ссылка | https://teploff.ua/product/rahivnitsya?lang=ru

2022-09-12 21:40:13| Парсинг : ОТВЕТ  | Страница не найдена. Ответ сервера [404] Ссылка | https://teploff.ua/page/politics?lang=ru

2022-09-12 21:40:14| Парсинг : ОТВЕТ  | Страница не найдена. Ответ сервера [404] Ссылка | https://teploff.ua/page/offerta?lang=ru

2022-09-12 21:40:15| Парсинг : УСПЕШНЫЙ ЗАПРОС  | Код ответа [200] Ссылка | https://teploff.ua/blogs/blog/tags/crazy-horse?lang=ru

2022-09-12 21:40:16| Парсинг : УСПЕШНЫЙ ЗАПРОС  | Код ответа [200] Ссылка | https://teploff.ua/blogs/blog/tags/crazy?lang=ru

2022-09-12 21:40:17| Парсинг : УСПЕШНЫЙ ЗАПРОС  | Код ответа [200] Ссылка | https://teploff.ua/blogs/blog/tags/naturalnaya-kozha?lang=ru

2022-09-12 21:40:18| Парсинг : УСПЕШНЫЙ ЗАПРОС  | Код ответа [200] Ссылка | https://teploff.ua/blogs/blog/tags/kozha?lang=ru

2022-09-12 21:40:20| Парсинг : УСПЕШНЫЙ ЗАПРОС  | Код ответа [200] Ссылка | https://teploff.ua/blogs/blog/tags/patina?lang=ru

2022-09-12 21:40:22| Парсинг : УСПЕШНЫЙ ЗАПРОС  | Код ответа [200] Ссылка | https://teploff.ua/blogs/blog/tags/naturalna-shkira?lang=ru

2022-09-12 21:40:24| Парсинг : УСПЕШНЫЙ ЗАПРОС  | Код ответа [200] Ссылка | https://teploff.ua/blogs/blog/what-is-leather-patina?lang=ru

2022-09-12 21:40:26| Парсинг : УСПЕШНЫЙ ЗАПРОС  | Код ответа [200] Ссылка | https://teploff.ua/blogs/blog/chto-takoe-crazy?lang=ru

2022-09-12 21:40:27| Парсинг : УСПЕШНЫЙ ЗАПРОС  | Код ответа [200] Ссылка | https://teploff.ua/client_account/password/change?lang=ru

2022-09-12 21:40:28| Парсинг : УСПЕШНЫЙ ЗАПРОС  | Код ответа [200] Ссылка | https://teploff.ua/client_account/session/new?lang=ru

2022-09-12 21:40:29| Парсинг : УСПЕШНЫЙ ЗАПРОС  | Код ответа [200] Ссылка | https://teploff.ua/product/derevyana-podarunkova-korobka?variant_id=377241350

2022-09-12 21:40:30| Парсинг : УСПЕШНЫЙ ЗАПРОС  | Код ответа [200] Ссылка | https://teploff.ua/product/belt-black?variant_id=343255953

2022-09-12 21:40:31| Парсинг : УСПЕШНЫЙ ЗАПРОС  | Код ответа [200] Ссылка | https://teploff.ua/product/ultra?variant_id=343256009

2022-09-12 21:40:32| Парсинг : УСПЕШНЫЙ ЗАПРОС  | Код ответа [200] Ссылка | https://teploff.ua/product/keykeeper-crazy?variant_id=346063509

2022-09-12 21:40:33| Парсинг : УСПЕШНЫЙ ЗАПРОС  | Код ответа [200] Ссылка | https://teploff.ua/product/smart-plus?variant_id=343255764

2022-09-12 21:40:33| Парсинг : УСПЕШНЫЙ ЗАПРОС  | Код ответа [200] Ссылка | https://teploff.ua/product/classic?variant_id=343255980

2022-09-12 21:40:34| Парсинг : УСПЕШНЫЙ ЗАПРОС  | Код ответа [200] Ссылка | https://teploff.ua/product/derevyana-podarunkova-korobka?lang=ru&variant_id=377241350

2022-09-12 21:40:35| Парсинг : УСПЕШНЫЙ ЗАПРОС  | Код ответа [200] Ссылка | https://teploff.ua/product/derevyana-podarunkova-korobka?lang=ru?variant_id=377241350

2022-09-12 21:40:36| Парсинг : УСПЕШНЫЙ ЗАПРОС  | Код ответа [200] Ссылка | https://teploff.ua/product/belt-black?lang=ru&variant_id=343255953

2022-09-12 21:40:36| Парсинг : УСПЕШНЫЙ ЗАПРОС  | Код ответа [200] Ссылка | https://teploff.ua/product/belt-black?lang=ru?variant_id=343255953

2022-09-12 21:40:37| Парсинг : УСПЕШНЫЙ ЗАПРОС  | Код ответа [200] Ссылка | https://teploff.ua/product/ultra?lang=ru&variant_id=343256009

2022-09-12 21:40:38| Парсинг : УСПЕШНЫЙ ЗАПРОС  | Код ответа [200] Ссылка | https://teploff.ua/product/ultra?lang=ru?variant_id=343256009

2022-09-12 21:40:39| Парсинг : УСПЕШНЫЙ ЗАПРОС  | Код ответа [200] Ссылка | https://teploff.ua/product/keykeeper-crazy?lang=ru&variant_id=346063509

2022-09-12 21:40:40| Парсинг : УСПЕШНЫЙ ЗАПРОС  | Код ответа [200] Ссылка | https://teploff.ua/product/keykeeper-crazy?lang=ru?variant_id=346063509

2022-09-12 21:40:41| Парсинг : УСПЕШНЫЙ ЗАПРОС  | Код ответа [200] Ссылка | https://teploff.ua/product/smart-plus?lang=ru&variant_id=343255764

2022-09-12 21:40:42| Парсинг : УСПЕШНЫЙ ЗАПРОС  | Код ответа [200] Ссылка | https://teploff.ua/product/smart-plus?lang=ru?variant_id=343255764

2022-09-12 21:40:43| Парсинг : УСПЕШНЫЙ ЗАПРОС  | Код ответа [200] Ссылка | https://teploff.ua/product/classic?lang=ru&variant_id=343255980

2022-09-12 21:40:43| Парсинг : УСПЕШНЫЙ ЗАПРОС  | Код ответа [200] Ссылка | https://teploff.ua/product/classic?lang=ru?variant_id=343255980

2022-09-12 23:09:26| Парсинг : УСПЕШНЫЙ ЗАПРОС  | Код ответа [200] Ссылка | https://teploff.ua/collection/leather?lang=ua

2022-09-12 23:09:28| Парсинг : УСПЕШНЫЙ ЗАПРОС  | Код ответа [200] Ссылка | https://teploff.ua/collection/leather

2022-09-12 23:09:28| Парсинг : УСПЕШНЫЙ ЗАПРОС  | Код ответа [200] Ссылка | https://teploff.ua/collection/muzhchinam

2022-09-12 23:09:28| Парсинг : УСПЕШНЫЙ ЗАПРОС  | Код ответа [200] Ссылка | https://teploff.ua/collection/kozak

2022-09-12 23:09:28| Парсинг : УСПЕШНЫЙ ЗАПРОС  | Код ответа [200] Ссылка | https://teploff.ua/collection/man-wallets

2022-09-12 23:09:28| Парсинг : УСПЕШНЫЙ ЗАПРОС  | Код ответа [200] Ссылка | https://teploff.ua/collection/zazhimy-dlya-kupyur

2022-09-12 23:09:29| Парсинг : УСПЕШНЫЙ ЗАПРОС  | Код ответа [200] Ссылка | https://teploff.ua/collection/remni

2022-09-12 23:09:29| Парсинг : УСПЕШНЫЙ ЗАПРОС  | Код ответа [200] Ссылка | https://teploff.ua/collection/oblozhki-dlya-dokumentov

2022-09-12 23:09:29| Парсинг : УСПЕШНЫЙ ЗАПРОС  | Код ответа [200] Ссылка | https://teploff.ua/collection/sumki-i-bananki

2022-09-12 23:09:29| Парсинг : УСПЕШНЫЙ ЗАПРОС  | Код ответа [200] Ссылка | https://teploff.ua/collection/keykeepers

2022-09-12 23:09:29| Парсинг : УСПЕШНЫЙ ЗАПРОС  | Код ответа [200] Ссылка | https://teploff.ua/collection/gravirovki

2022-09-12 23:09:31| Парсинг : УСПЕШНЫЙ ЗАПРОС  | Код ответа [200] Ссылка | https://teploff.ua/collection/dlya-doma-i-ofisa

2022-09-12 23:09:31| Парсинг : УСПЕШНЫЙ ЗАПРОС  | Код ответа [200] Ссылка | https://teploff.ua/collection/podarunkovi-nabori

2022-09-12 23:09:31| Парсинг : УСПЕШНЫЙ ЗАПРОС  | Код ответа [200] Ссылка | https://teploff.ua/collection/woman

2022-09-12 23:09:31| Парсинг : УСПЕШНЫЙ ЗАПРОС  | Код ответа [200] Ссылка | https://teploff.ua/collection/koshelki-i-portmone

2022-09-12 23:09:31| Парсинг : УСПЕШНЫЙ ЗАПРОС  | Код ответа [200] Ссылка | https://teploff.ua/collection/sumki-i-ryukzaki

2022-09-12 23:09:32| Парсинг : УСПЕШНЫЙ ЗАПРОС  | Код ответа [200] Ссылка | https://teploff.ua/collection/remni-2

2022-09-12 23:09:32| Парсинг : УСПЕШНЫЙ ЗАПРОС  | Код ответа [200] Ссылка | https://teploff.ua/collection/klyuchnitsy-i-vizitnitsy

2022-09-12 23:09:32| Парсинг : УСПЕШНЫЙ ЗАПРОС  | Код ответа [200] Ссылка | https://teploff.ua/collection/dlya-doma-ofisa

2022-09-12 23:09:32| Парсинг : УСПЕШНЫЙ ЗАПРОС  | Код ответа [200] Ссылка | https://teploff.ua/collection/parfum

2022-09-12 23:09:32| Парсинг : УСПЕШНЫЙ ЗАПРОС  | Код ответа [200] Ссылка | https://teploff.ua/collection/aromadiffuzory

2022-09-12 23:09:34| Парсинг : УСПЕШНЫЙ ЗАПРОС  | Код ответа [200] Ссылка | https://teploff.ua/collection/avtoparfyumy

2022-09-12 23:09:34| Парсинг : УСПЕШНЫЙ ЗАПРОС  | Код ответа [200] Ссылка | https://teploff.ua/collection/auto-elit

2022-09-12 23:09:34| Парсинг : УСПЕШНЫЙ ЗАПРОС  | Код ответа [200] Ссылка | https://teploff.ua/collection/auto-standart

2022-09-12 23:09:34| Парсинг : УСПЕШНЫЙ ЗАПРОС  | Код ответа [200] Ссылка | https://teploff.ua/collection/wood

2022-09-12 23:09:34| Парсинг : УСПЕШНЫЙ ЗАПРОС  | Код ответа [200] Ссылка | https://teploff.ua/collection/wood-boxes

2022-09-12 23:09:35| Парсинг : УСПЕШНЫЙ ЗАПРОС  | Код ответа [200] Ссылка | https://teploff.ua/collection/azbuki-dlya-ditey

2022-09-12 23:09:35| Парсинг : УСПЕШНЫЙ ЗАПРОС  | Код ответа [200] Ссылка | https://teploff.ua/collection/decor-for-home

2022-09-12 23:09:35| Парсинг : УСПЕШНЫЙ ЗАПРОС  | Код ответа [200] Ссылка | https://teploff.ua/collection/korporativne-brenduvannya

2022-09-12 23:09:35| Парсинг : УСПЕШНЫЙ ЗАПРОС  | Код ответа [200] Ссылка | https://teploff.ua/collection/dlya-restoraniv-kafe-ta-bariv

2022-09-12 23:09:35| Парсинг : УСПЕШНЫЙ ЗАПРОС  | Код ответа [200] Ссылка | https://teploff.ua/collection/dlya-avtomagaziniv-ta-avtosaloniv

2022-09-12 23:09:37| Парсинг : УСПЕШНЫЙ ЗАПРОС  | Код ответа [200] Ссылка | https://teploff.ua/collection/nft

2022-09-12 23:09:37| Парсинг : УСПЕШНЫЙ ЗАПРОС  | Код ответа [200] Ссылка | https://teploff.ua/collection/kolektsiya-ukraine

2022-09-12 23:09:37| Парсинг : УСПЕШНЫЙ ЗАПРОС  | Код ответа [200] Ссылка | https://teploff.ua/collection/all

2022-09-12 23:09:37| Парсинг : УСПЕШНЫЙ ЗАПРОС  | Код ответа [200] Ссылка | https://teploff.ua/product/zipperkeyman-denver

2022-09-12 23:09:37| Парсинг : УСПЕШНЫЙ ЗАПРОС  | Код ответа [200] Ссылка | https://teploff.ua/product/zipper-keykeeper-man-flotar

2022-09-12 23:09:39| Парсинг : УСПЕШНЫЙ ЗАПРОС  | Код ответа [200] Ссылка | https://teploff.ua/product/pasport-cover-kozak

2022-09-12 23:09:39| Парсинг : УСПЕШНЫЙ ЗАПРОС  | Код ответа [200] Ссылка | https://teploff.ua/product/пормоне-обложка-kozak

2022-09-12 23:09:39| Парсинг : УСПЕШНЫЙ ЗАПРОС  | Код ответа [200] Ссылка | https://teploff.ua/product/кошелек-smart-kozak-с-отделом-для-монет

2022-09-12 23:09:39| Парсинг : УСПЕШНЫЙ ЗАПРОС  | Код ответа [200] Ссылка | https://teploff.ua/product/кошелек-smart-kozak

2022-09-12 23:09:39| Парсинг : УСПЕШНЫЙ ЗАПРОС  | Код ответа [200] Ссылка | https://teploff.ua/product/зажим-для-денег-ultra-kozak-с-лястиком

2022-09-12 23:09:42| Парсинг : УСПЕШНЫЙ ЗАПРОС  | Код ответа [200] Ссылка | https://teploff.ua/product/зажим-для-денег-ultra-kozak-на-кнопках

2022-09-12 23:09:42| Парсинг : УСПЕШНЫЙ ЗАПРОС  | Код ответа [200] Ссылка | https://teploff.ua/product/ergo-kozak

2022-09-12 23:09:42| Парсинг : УСПЕШНЫЙ ЗАПРОС  | Код ответа [200] Ссылка | https://teploff.ua/product/ergo-kozak-с-отделом-для-монет

2022-09-12 23:09:42| Парсинг : УСПЕШНЫЙ ЗАПРОС  | Код ответа [200] Ссылка | https://teploff.ua/product/classic-kozak

2022-09-12 23:09:42| Парсинг : УСПЕШНЫЙ ЗАПРОС  | Код ответа [200] Ссылка | https://teploff.ua/product/messenger

2022-09-12 23:09:44| Парсинг : УСПЕШНЫЙ ЗАПРОС  | Код ответа [200] Ссылка | https://teploff.ua/product/bag-everyday

2022-09-12 23:09:44| Парсинг : УСПЕШНЫЙ ЗАПРОС  | Код ответа [200] Ссылка | https://teploff.ua/product/potmone-cover

2022-09-12 23:09:44| Парсинг : УСПЕШНЫЙ ЗАПРОС  | Код ответа [200] Ссылка | https://teploff.ua/product/klatch-barsetka

2022-09-12 23:09:44| Парсинг : УСПЕШНЫЙ ЗАПРОС  | Код ответа [200] Ссылка | https://teploff.ua/product/travel-case

2022-09-12 23:09:44| Парсинг : УСПЕШНЫЙ ЗАПРОС  | Код ответа [200] Ссылка | https://teploff.ua/product/smart-plus

2022-09-12 23:09:45| Парсинг : УСПЕШНЫЙ ЗАПРОС  | Код ответа [200] Ссылка | https://teploff.ua/product/roadbag-white

2022-09-12 23:09:45| Парсинг : УСПЕШНЫЙ ЗАПРОС  | Код ответа [200] Ссылка | https://teploff.ua/product/roadbag-black-red

2022-09-12 23:09:45| Парсинг : УСПЕШНЫЙ ЗАПРОС  | Код ответа [200] Ссылка | https://teploff.ua/product/backpack-denver

2022-09-12 23:09:45| Парсинг : УСПЕШНЫЙ ЗАПРОС  | Код ответа [200] Ссылка | https://teploff.ua/product/backpack-s

2022-09-12 23:09:45| Парсинг : УСПЕШНЫЙ ЗАПРОС  | Код ответа [200] Ссылка | https://teploff.ua/product/zip-wallet

2022-09-12 23:09:47| Парсинг : УСПЕШНЫЙ ЗАПРОС  | Код ответа [200] Ссылка | https://teploff.ua/product/belt-brown

2022-09-12 23:09:47| Парсинг : УСПЕШНЫЙ ЗАПРОС  | Код ответа [200] Ссылка | https://teploff.ua/product/shopper-elit

2022-09-12 23:09:47| Парсинг : УСПЕШНЫЙ ЗАПРОС  | Код ответа [200] Ссылка | https://teploff.ua/product/smart

2022-09-12 23:09:47| Парсинг : УСПЕШНЫЙ ЗАПРОС  | Код ответа [200] Ссылка | https://teploff.ua/product/hummer-plus

2022-09-12 23:09:47| Парсинг : УСПЕШНЫЙ ЗАПРОС  | Код ответа [200] Ссылка | https://teploff.ua/product/mans-klatch

2022-09-12 23:09:49| Парсинг : УСПЕШНЫЙ ЗАПРОС  | Код ответа [200] Ссылка | https://teploff.ua/product/housekeeper-kaiser

2022-09-12 23:09:49| Парсинг : УСПЕШНЫЙ ЗАПРОС  | Код ответа [200] Ссылка | https://teploff.ua/product/classic-plus

2022-09-12 23:09:49| Парсинг : УСПЕШНЫЙ ЗАПРОС  | Код ответа [200] Ссылка | https://teploff.ua/product/crossbody-crazy

2022-09-12 23:09:49| Парсинг : УСПЕШНЫЙ ЗАПРОС  | Код ответа [200] Ссылка | https://teploff.ua/product/planshetka

2022-09-12 23:09:49| Парсинг : УСПЕШНЫЙ ЗАПРОС  | Код ответа [200] Ссылка | https://teploff.ua/product/road-bag

2022-09-12 23:09:51| Парсинг : УСПЕШНЫЙ ЗАПРОС  | Код ответа [200] Ссылка | https://teploff.ua/product/visitnitsa-kaiser

2022-09-12 23:09:51| Парсинг : УСПЕШНЫЙ ЗАПРОС  | Код ответа [200] Ссылка | https://teploff.ua/product/individual-kaiser

2022-09-12 23:09:51| Парсинг : УСПЕШНЫЙ ЗАПРОС  | Код ответа [200] Ссылка | https://teploff.ua/product/butterfly

2022-09-12 23:09:51| Парсинг : УСПЕШНЫЙ ЗАПРОС  | Код ответа [200] Ссылка | https://teploff.ua/product/zipper-key-case-dn

2022-09-12 23:09:51| Парсинг : УСПЕШНЫЙ ЗАПРОС  | Код ответа [200] Ссылка | https://teploff.ua/product/zipper-key-case-flotar

2022-09-12 23:09:53| Парсинг : УСПЕШНЫЙ ЗАПРОС  | Код ответа [200] Ссылка | https://teploff.ua/product/zipper-key-keeper

2022-09-12 23:09:53| Парсинг : УСПЕШНЫЙ ЗАПРОС  | Код ответа [200] Ссылка | https://teploff.ua/product/bag-classic-flotar

2022-09-12 23:09:53| Парсинг : УСПЕШНЫЙ ЗАПРОС  | Код ответа [200] Ссылка | https://teploff.ua/product/bananka-flotar

2022-09-12 23:09:53| Парсинг : ОТВЕТ  | Страница не найдена. Ответ сервера [404] Ссылка | https://teploff.ua/${productData.url}

2022-09-12 23:09:53| Парсинг : УСПЕШНЫЙ ЗАПРОС  | Код ответа [200] Ссылка | https://teploff.ua/product/hummer

2022-09-12 23:09:56| Парсинг : УСПЕШНЫЙ ЗАПРОС  | Код ответа [200] Ссылка | https://teploff.ua/product/ultra

2022-09-12 23:09:56| Парсинг : УСПЕШНЫЙ ЗАПРОС  | Код ответа [200] Ссылка | https://teploff.ua/product/bananka

2022-09-12 23:09:56| Парсинг : УСПЕШНЫЙ ЗАПРОС  | Код ответа [200] Ссылка | https://teploff.ua/product/bag-classic

2022-09-12 23:09:56| Парсинг : УСПЕШНЫЙ ЗАПРОС  | Код ответа [200] Ссылка | https://teploff.ua/product/bliss

2022-09-12 23:09:56| Парсинг : УСПЕШНЫЙ ЗАПРОС  | Код ответа [200] Ссылка | https://teploff.ua/product/classic

2022-09-12 23:09:58| Парсинг : УСПЕШНЫЙ ЗАПРОС  | Код ответа [200] Ссылка | https://teploff.ua/product/compact

2022-09-12 23:09:58| Парсинг : УСПЕШНЫЙ ЗАПРОС  | Код ответа [200] Ссылка | https://teploff.ua/product/cardholder

2022-09-12 23:09:58| Парсинг : УСПЕШНЫЙ ЗАПРОС  | Код ответа [200] Ссылка | https://teploff.ua/product/belt-black

2022-09-12 23:09:58| Парсинг : УСПЕШНЫЙ ЗАПРОС  | Код ответа [200] Ссылка | https://teploff.ua/product/keykeeper-kozak

2022-09-12 23:09:58| Парсинг : УСПЕШНЫЙ ЗАПРОС  | Код ответа [200] Ссылка | https://teploff.ua/product/classic-money-clip

2022-09-12 23:10:00| Парсинг : УСПЕШНЫЙ ЗАПРОС  | Код ответа [200] Ссылка | https://teploff.ua/product/ergo

2022-09-12 23:10:00| Парсинг : УСПЕШНЫЙ ЗАПРОС  | Код ответа [200] Ссылка | https://teploff.ua/product/ergo-plus

2022-09-12 23:10:00| Парсинг : УСПЕШНЫЙ ЗАПРОС  | Код ответа [200] Ссылка | https://teploff.ua/product/klatch-koshelek-crocodile-naturalnaya-kozha

2022-09-12 23:10:00| Парсинг : УСПЕШНЫЙ ЗАПРОС  | Код ответа [200] Ссылка | https://teploff.ua/product/exellent

2022-09-12 23:10:00| Парсинг : УСПЕШНЫЙ ЗАПРОС  | Код ответа [200] Ссылка | https://teploff.ua/product/card-case-impessive

2022-09-12 23:10:02| Парсинг : УСПЕШНЫЙ ЗАПРОС  | Код ответа [200] Ссылка | https://teploff.ua/product/belt-black-old-silver

2022-09-12 23:10:02| Парсинг : УСПЕШНЫЙ ЗАПРОС  | Код ответа [200] Ссылка | https://teploff.ua/product/belt-black-steel

2022-09-12 23:10:02| Парсинг : УСПЕШНЫЙ ЗАПРОС  | Код ответа [200] Ссылка | https://teploff.ua/product/belt-black-brass

2022-09-12 23:10:02| Парсинг : УСПЕШНЫЙ ЗАПРОС  | Код ответа [200] Ссылка | https://teploff.ua/product/belt-black-silver

2022-09-12 23:10:02| Парсинг : УСПЕШНЫЙ ЗАПРОС  | Код ответа [200] Ссылка | https://teploff.ua/product/belt-brown-black

2022-09-12 23:10:05| Парсинг : УСПЕШНЫЙ ЗАПРОС  | Код ответа [200] Ссылка | https://teploff.ua/product/belt-brown-silver

2022-09-12 23:10:05| Парсинг : УСПЕШНЫЙ ЗАПРОС  | Код ответа [200] Ссылка | https://teploff.ua/product/belt-brown-brass

2022-09-12 23:10:05| Парсинг : УСПЕШНЫЙ ЗАПРОС  | Код ответа [200] Ссылка | https://teploff.ua/product/belt-cognac-brass

2022-09-12 23:10:05| Парсинг : УСПЕШНЫЙ ЗАПРОС  | Код ответа [200] Ссылка | https://teploff.ua/product/license-cover

2022-09-12 23:10:05| Парсинг : УСПЕШНЫЙ ЗАПРОС  | Код ответа [200] Ссылка | https://teploff.ua/product/passport-cover

2022-09-12 23:10:06| Парсинг : УСПЕШНЫЙ ЗАПРОС  | Код ответа [200] Ссылка | https://teploff.ua/product/bananka-2

2022-09-12 23:10:06| Парсинг : УСПЕШНЫЙ ЗАПРОС  | Код ответа [200] Ссылка | https://teploff.ua/product/ryukzak-modern-naruralna-shkira-flotar

2022-09-12 23:10:06| Парсинг : УСПЕШНЫЙ ЗАПРОС  | Код ответа [200] Ссылка | https://teploff.ua/product/ryukzak-city-naruralna-shkira-flotar

2022-09-12 23:10:06| Парсинг : УСПЕШНЫЙ ЗАПРОС  | Код ответа [200] Ссылка | https://teploff.ua/product/papka-tir

2022-09-12 23:10:06| Парсинг : УСПЕШНЫЙ ЗАПРОС  | Код ответа [200] Ссылка | https://teploff.ua/product/portfel-tir

2022-09-12 23:10:08| Парсинг : УСПЕШНЫЙ ЗАПРОС  | Код ответа [200] Ссылка | https://teploff.ua/product/keykeeper-crazy

2022-09-12 23:10:08| Парсинг : УСПЕШНЫЙ ЗАПРОС  | Код ответа [200] Ссылка | https://teploff.ua/product/kardholder-slim

2022-09-12 23:10:08| Парсинг : УСПЕШНЫЙ ЗАПРОС  | Код ответа [200] Ссылка | https://teploff.ua/product/derevyana-podarunkova-korobka

2022-09-12 23:10:08| Парсинг : УСПЕШНЫЙ ЗАПРОС  | Код ответа [200] Ссылка | https://teploff.ua/product/kosmetichka-naturalna-shkira-flotar

2022-09-12 23:10:08| Парсинг : УСПЕШНЫЙ ЗАПРОС  | Код ответа [200] Ссылка | https://teploff.ua/product/kilimok-dlya-kompyuternoyi-mishki-naturalna-shkira

2022-09-12 23:10:09| Парсинг : УСПЕШНЫЙ ЗАПРОС  | Код ответа [200] Ссылка | https://teploff.ua/product/nabir-ultra

2022-09-12 23:10:09| Парсинг : УСПЕШНЫЙ ЗАПРОС  | Код ответа [200] Ссылка | https://teploff.ua/product/podarochnyy-nabor-kozhanyh-izdeliy-smart

2022-09-12 23:10:09| Парсинг : УСПЕШНЫЙ ЗАПРОС  | Код ответа [200] Ссылка | https://teploff.ua/product/podarunkoviy-nabir-shkiryanih-virobiv-classic

2022-09-12 23:10:09| Парсинг : УСПЕШНЫЙ ЗАПРОС  | Код ответа [200] Ссылка | https://teploff.ua/product/gamanets-beauty-bag-naturalna-shkira-flotar

2022-09-12 23:10:09| Парсинг : УСПЕШНЫЙ ЗАПРОС  | Код ответа [200] Ссылка | https://teploff.ua/product/sumka-zhinocha-classic-naturalna-shkira-flotar

2022-09-12 23:10:13| Парсинг : УСПЕШНЫЙ ЗАПРОС  | Код ответа [200] Ссылка | https://teploff.ua/product/belle

2022-09-12 23:10:13| Парсинг : УСПЕШНЫЙ ЗАПРОС  | Код ответа [200] Ссылка | https://teploff.ua/product/belle-coins

2022-09-12 23:10:13| Парсинг : УСПЕШНЫЙ ЗАПРОС  | Код ответа [200] Ссылка | https://teploff.ua/product/sumka-foryou

2022-09-12 23:10:13| Парсинг : УСПЕШНЫЙ ЗАПРОС  | Код ответа [200] Ссылка | https://teploff.ua/product/belt-yelow-flotar

2022-09-12 23:10:13| Парсинг : УСПЕШНЫЙ ЗАПРОС  | Код ответа [200] Ссылка | https://teploff.ua/product/belt-black-flotar

2022-09-12 23:10:17| Парсинг : УСПЕШНЫЙ ЗАПРОС  | Код ответа [200] Ссылка | https://teploff.ua/product/belt-salad-flotar

2022-09-12 23:10:17| Парсинг : УСПЕШНЫЙ ЗАПРОС  | Код ответа [200] Ссылка | https://teploff.ua/product/belt-haki-flotar

2022-09-12 23:10:17| Парсинг : УСПЕШНЫЙ ЗАПРОС  | Код ответа [200] Ссылка | https://teploff.ua/product/belt-marsala-flotar

2022-09-12 23:10:17| Парсинг : УСПЕШНЫЙ ЗАПРОС  | Код ответа [200] Ссылка | https://teploff.ua/product/belt-grey-taup-flotar

2022-09-12 23:10:17| Парсинг : УСПЕШНЫЙ ЗАПРОС  | Код ответа [200] Ссылка | https://teploff.ua/product/belt-pudra-flotar

2022-09-12 23:10:19| Парсинг : УСПЕШНЫЙ ЗАПРОС  | Код ответа [200] Ссылка | https://teploff.ua/product/belt-red-flotar

2022-09-12 23:10:19| Парсинг : УСПЕШНЫЙ ЗАПРОС  | Код ответа [200] Ссылка | https://teploff.ua/product/belt-blue-flotar

2022-09-12 23:10:19| Парсинг : УСПЕШНЫЙ ЗАПРОС  | Код ответа [200] Ссылка | https://teploff.ua/product/belt-white-flotar

2022-09-12 23:10:19| Парсинг : УСПЕШНЫЙ ЗАПРОС  | Код ответа [200] Ссылка | https://teploff.ua/product/chanel-egoist-platinum

2022-09-12 23:10:19| Парсинг : УСПЕШНЫЙ ЗАПРОС  | Код ответа [200] Ссылка | https://teploff.ua/product/carolina-herrera-bad-boy

2022-09-12 23:10:20| Парсинг : УСПЕШНЫЙ ЗАПРОС  | Код ответа [200] Ссылка | https://teploff.ua/product/tiziana-terenzi-kirke

2022-09-12 23:10:20| Парсинг : УСПЕШНЫЙ ЗАПРОС  | Код ответа [200] Ссылка | https://teploff.ua/product/tom-ford-tabacco-vanille

2022-09-12 23:10:20| Парсинг : УСПЕШНЫЙ ЗАПРОС  | Код ответа [200] Ссылка | https://teploff.ua/product/nihilo-narcotique

2022-09-12 23:10:20| Парсинг : УСПЕШНЫЙ ЗАПРОС  | Код ответа [200] Ссылка | https://teploff.ua/product/montale-chocolate-greedy

2022-09-12 23:10:20| Парсинг : УСПЕШНЫЙ ЗАПРОС  | Код ответа [200] Ссылка | https://teploff.ua/product/paco-rabanne-x-s-black-l-exces

2022-09-12 23:10:22| Парсинг : УСПЕШНЫЙ ЗАПРОС  | Код ответа [200] Ссылка | https://teploff.ua/product/dolce-gabbana-l-imperatrice

2022-09-12 23:10:22| Парсинг : УСПЕШНЫЙ ЗАПРОС  | Код ответа [200] Ссылка | https://teploff.ua/product/paco-rabanne-1-million-men

2022-09-12 23:10:22| Парсинг : УСПЕШНЫЙ ЗАПРОС  | Код ответа [200] Ссылка | https://teploff.ua/product/автопарфюм-dior-sauvage

2022-09-12 23:10:22| Парсинг : УСПЕШНЫЙ ЗАПРОС  | Код ответа [200] Ссылка | https://teploff.ua/product/chokolate

2022-09-12 23:10:22| Парсинг : УСПЕШНЫЙ ЗАПРОС  | Код ответа [200] Ссылка | https://teploff.ua/product/aromadiffuser-pomagranate

2022-09-12 23:10:23| Парсинг : УСПЕШНЫЙ ЗАПРОС  | Код ответа [200] Ссылка | https://teploff.ua/product/dynya-aromadiffuzoraromapalochki-100-ml

2022-09-12 23:10:23| Парсинг : УСПЕШНЫЙ ЗАПРОС  | Код ответа [200] Ссылка | https://teploff.ua/product/persik-banan-aromadiffuzoraromapalochki-100-ml

2022-09-12 23:10:23| Парсинг : УСПЕШНЫЙ ЗАПРОС  | Код ответа [200] Ссылка | https://teploff.ua/product/grusha-aromadiffuzoraromapalochki-100-ml

2022-09-12 23:10:23| Парсинг : УСПЕШНЫЙ ЗАПРОС  | Код ответа [200] Ссылка | https://teploff.ua/product/vinograd-malina-aromadiffuzoraromapalochki-100-ml

2022-09-12 23:10:23| Парсинг : УСПЕШНЫЙ ЗАПРОС  | Код ответа [200] Ссылка | https://teploff.ua/product/tiramisu-aromadiffuzoraromapalochki-100-ml

2022-09-12 23:10:25| Парсинг : УСПЕШНЫЙ ЗАПРОС  | Код ответа [200] Ссылка | https://teploff.ua/product/kola-aromadiffuzoraromapalochki-100-ml

2022-09-12 23:10:25| Парсинг : УСПЕШНЫЙ ЗАПРОС  | Код ответа [200] Ссылка | https://teploff.ua/product/sliva-s-molokom-aromadiffuzoraromapalochki-100-ml

2022-09-12 23:10:25| Парсинг : УСПЕШНЫЙ ЗАПРОС  | Код ответа [200] Ссылка | https://teploff.ua/product/kakao-aromadiffuzoraromapalochki-100-ml

2022-09-12 23:10:25| Парсинг : УСПЕШНЫЙ ЗАПРОС  | Код ответа [200] Ссылка | https://teploff.ua/product/karamel-aromadiffuzoraromapalochki-100-ml

2022-09-12 23:10:25| Парсинг : УСПЕШНЫЙ ЗАПРОС  | Код ответа [200] Ссылка | https://teploff.ua/product/chernyy-led-aromadiffuzoraromapalochki-100-ml

2022-09-12 23:10:27| Парсинг : УСПЕШНЫЙ ЗАПРОС  | Код ответа [200] Ссылка | https://teploff.ua/product/ananas-aromadiffuzoraromapalochki-100-ml

2022-09-12 23:10:27| Парсинг : УСПЕШНЫЙ ЗАПРОС  | Код ответа [200] Ссылка | https://teploff.ua/product/avtoparfyum-spicy-lemon-7-ml

2022-09-12 23:10:27| Парсинг : УСПЕШНЫЙ ЗАПРОС  | Код ответа [200] Ссылка | https://teploff.ua/product/avtoparfyum-tuti-fruti-7-ml

2022-09-12 23:10:27| Парсинг : УСПЕШНЫЙ ЗАПРОС  | Код ответа [200] Ссылка | https://teploff.ua/product/avtoparfyum-new-car-7-ml

2022-09-12 23:10:27| Парсинг : УСПЕШНЫЙ ЗАПРОС  | Код ответа [200] Ссылка | https://teploff.ua/product/avtoparfyum-bubble-gum-7-ml

2022-09-12 23:10:29| Парсинг : УСПЕШНЫЙ ЗАПРОС  | Код ответа [200] Ссылка | https://teploff.ua/product/avtoparfyum-cofee-cainnamon-7-ml

2022-09-12 23:10:29| Парсинг : УСПЕШНЫЙ ЗАПРОС  | Код ответа [200] Ссылка | https://teploff.ua/product/menu-horeka

2022-09-12 23:10:29| Парсинг : УСПЕШНЫЙ ЗАПРОС  | Код ответа [200] Ссылка | https://teploff.ua/product/trinket-brand

2022-09-12 23:10:29| Парсинг : УСПЕШНЫЙ ЗАПРОС  | Код ответа [200] Ссылка | https://teploff.ua/product/brelok-dlya-garderobu

2022-09-12 23:10:29| Парсинг : УСПЕШНЫЙ ЗАПРОС  | Код ответа [200] Ссылка | https://teploff.ua/product/pidstavka-dlya-posudu

2022-09-12 23:10:32| Парсинг : УСПЕШНЫЙ ЗАПРОС  | Код ответа [200] Ссылка | https://teploff.ua/product/rahivnitsya-1

2022-09-12 23:10:32| Парсинг : УСПЕШНЫЙ ЗАПРОС  | Код ответа [200] Ссылка | https://teploff.ua/product/rahivnitsya-2

2022-09-12 23:10:32| Парсинг : УСПЕШНЫЙ ЗАПРОС  | Код ответа [200] Ссылка | https://teploff.ua/product/brelok-shkiryaniy-proshitiy-z-vashim-logotipom

2022-09-12 23:10:32| Парсинг : УСПЕШНЫЙ ЗАПРОС  | Код ответа [200] Ссылка | https://teploff.ua/product/brelok-z-karabinom-proshitiy-z-vashim-logotipom

2022-09-12 23:10:32| Парсинг : УСПЕШНЫЙ ЗАПРОС  | Код ответа [200] Ссылка | https://teploff.ua/product/rahivnitsya

2022-09-12 23:10:33| Парсинг : УСПЕШНЫЙ ЗАПРОС  | Код ответа [200] Ссылка | https://teploff.ua/product/derevyana-podarunkova-korobka?variant_id=377241350

2022-09-12 23:10:33| Парсинг : УСПЕШНЫЙ ЗАПРОС  | Код ответа [200] Ссылка | https://teploff.ua/product/belt-black?variant_id=343255953

2022-09-12 23:10:33| Парсинг : УСПЕШНЫЙ ЗАПРОС  | Код ответа [200] Ссылка | https://teploff.ua/product/ultra?variant_id=343256009

2022-09-12 23:10:33| Парсинг : УСПЕШНЫЙ ЗАПРОС  | Код ответа [200] Ссылка | https://teploff.ua/product/keykeeper-crazy?variant_id=346063509

2022-09-12 23:10:33| Парсинг : УСПЕШНЫЙ ЗАПРОС  | Код ответа [200] Ссылка | https://teploff.ua/product/smart-plus?variant_id=343255764

2022-09-12 23:10:34| Парсинг : УСПЕШНЫЙ ЗАПРОС  | Код ответа [200] Ссылка | https://teploff.ua/product/classic?variant_id=343255980

2022-09-12 23:21:56| =>[СОЗДАН КЕШ] Ссылка | https://teploff.ua/client_account/orders
2022-09-12 23:21:56| ->Файл кеша находится по адресу | /home/xandr4ik/web/dev.bilios.ua/public_html/admin/simplepars/cache_page/1/9da4ca3c702a70aa6a6a7ef9af82be04.txt

2022-09-12 23:21:56| Парсинг : УСПЕШНЫЙ ЗАПРОС  | Код ответа [200] Ссылка | https://teploff.ua/client_account/orders

2022-09-12 23:23:17| =>[СОЗДАН КЕШ] Ссылка | https://teploff.ua/compares
2022-09-12 23:23:17| ->Файл кеша находится по адресу | /home/xandr4ik/web/dev.bilios.ua/public_html/admin/simplepars/cache_page/1/c3901ffb583cc7a26b3fe0618b60014f.txt

2022-09-12 23:23:17| Парсинг : УСПЕШНЫЙ ЗАПРОС  | Код ответа [200] Ссылка | https://teploff.ua/compares

2022-09-12 23:23:25| =>[СТРАНИЦА ЗАГРУЖЕН ИЗ КЕША] Ссылка | https://teploff.ua/compares

2022-09-12 23:23:39| =>[СОЗДАН КЕШ] Ссылка | https://teploff.ua/?lang=ru
2022-09-12 23:23:39| ->Файл кеша находится по адресу | /home/xandr4ik/web/dev.bilios.ua/public_html/admin/simplepars/cache_page/1/889252fdeb2bcbee21cde3bcf83bd231.txt

2022-09-12 23:23:39| Парсинг : УСПЕШНЫЙ ЗАПРОС  | Код ответа [200] Ссылка | https://teploff.ua/?lang=ru

2022-09-12 23:24:21| =>[СОЗДАН КЕШ] Ссылка | https://teploff.ua/collection/leather
2022-09-12 23:24:21| ->Файл кеша находится по адресу | /home/xandr4ik/web/dev.bilios.ua/public_html/admin/simplepars/cache_page/1/b69bd9c1ec1e9bf5a2234223b66acdb9.txt

2022-09-12 23:24:21| Парсинг : УСПЕШНЫЙ ЗАПРОС  | Код ответа [200] Ссылка | https://teploff.ua/collection/leather

2022-09-12 23:24:39| =>[СОЗДАН КЕШ] Ссылка | https://teploff.ua/collection/muzhchinam
2022-09-12 23:24:39| ->Файл кеша находится по адресу | /home/xandr4ik/web/dev.bilios.ua/public_html/admin/simplepars/cache_page/1/c0f5667971118898feaf07e888470fc8.txt

2022-09-12 23:24:39| Парсинг : УСПЕШНЫЙ ЗАПРОС  | Код ответа [200] Ссылка | https://teploff.ua/collection/muzhchinam

2022-09-12 23:24:47| =>[СОЗДАН КЕШ] Ссылка | https://teploff.ua/collection/auto-elit
2022-09-12 23:24:47| ->Файл кеша находится по адресу | /home/xandr4ik/web/dev.bilios.ua/public_html/admin/simplepars/cache_page/1/95d5b31e74bad91e72d0792f439e6897.txt

2022-09-12 23:24:47| Парсинг : УСПЕШНЫЙ ЗАПРОС  | Код ответа [200] Ссылка | https://teploff.ua/collection/auto-elit

2022-09-12 23:24:53| =>[СОЗДАН КЕШ] Ссылка | https://teploff.ua/product/ergo-kozak
2022-09-12 23:24:53| ->Файл кеша находится по адресу | /home/xandr4ik/web/dev.bilios.ua/public_html/admin/simplepars/cache_page/1/8823d8f28d05560e85b32ac086dd696f.txt

2022-09-12 23:24:53| Парсинг : УСПЕШНЫЙ ЗАПРОС  | Код ответа [200] Ссылка | https://teploff.ua/product/ergo-kozak

2022-09-12 23:28:09| =>[СТРАНИЦА ЗАГРУЖЕН ИЗ КЕША] Ссылка | https://teploff.ua/product/ergo-kozak

2022-09-12 23:31:58| =>[СТРАНИЦА ЗАГРУЖЕН ИЗ КЕША] Ссылка | https://teploff.ua/product/ergo-kozak

2022-09-12 23:34:02| =>[СТРАНИЦА ЗАГРУЖЕН ИЗ КЕША] Ссылка | https://teploff.ua/product/ergo-kozak

2022-09-13 13:24:04| =>[СТРАНИЦА ЗАГРУЖЕН ИЗ КЕША] Ссылка | https://teploff.ua/collection/leather

2022-09-13 13:24:25| =>[СОЗДАН КЕШ] Ссылка | https://teploff.ua/product/potmone-cover
2022-09-13 13:24:25| ->Файл кеша находится по адресу | /home/xandr4ik/web/dev.bilios.ua/public_html/admin/simplepars/cache_page/1/a005a30fa51efbb5c8f9384ddbbb0ce2.txt

2022-09-13 13:24:25| Парсинг : УСПЕШНЫЙ ЗАПРОС  | Код ответа [200] Ссылка | https://teploff.ua/product/potmone-cover

2022-09-13 13:24:40| =>[СОЗДАН КЕШ] Ссылка | https://teploff.ua/collection/sumki-i-ryukzaki
2022-09-13 13:24:40| ->Файл кеша находится по адресу | /home/xandr4ik/web/dev.bilios.ua/public_html/admin/simplepars/cache_page/1/c2406c7e7feb536b5056c45049d4603e.txt

2022-09-13 13:24:40| Парсинг : УСПЕШНЫЙ ЗАПРОС  | Код ответа [200] Ссылка | https://teploff.ua/collection/sumki-i-ryukzaki

2022-09-13 13:24:57| =>[СОЗДАН КЕШ] Ссылка | https://teploff.ua/blogs/blog
2022-09-13 13:24:57| ->Файл кеша находится по адресу | /home/xandr4ik/web/dev.bilios.ua/public_html/admin/simplepars/cache_page/1/644655101488fbcf7bf4afb6cc7bccb2.txt

2022-09-13 13:24:57| Парсинг : УСПЕШНЫЙ ЗАПРОС  | Код ответа [200] Ссылка | https://teploff.ua/blogs/blog

2022-09-13 13:26:38| =>[СОЗДАН КЕШ] Ссылка | https://teploff.ua/collection/leather?lang=ua
2022-09-13 13:26:38| ->Файл кеша находится по адресу | /home/xandr4ik/web/dev.bilios.ua/public_html/admin/simplepars/cache_page/1/e2222ed7b6a4fbb17d72f19fca48d6af.txt

2022-09-13 13:26:38| Парсинг : УСПЕШНЫЙ ЗАПРОС  | Код ответа [200] Ссылка | https://teploff.ua/collection/leather?lang=ua

2022-09-13 13:26:54| =>[СТРАНИЦА ЗАГРУЖЕН ИЗ КЕША] Ссылка | https://teploff.ua/collection/leather?lang=ua

2022-09-13 13:27:41| =>[СОЗДАН КЕШ] Ссылка | https://teploff.ua/collection/klyuchnitsy-i-vizitnitsy
2022-09-13 13:27:41| ->Файл кеша находится по адресу | /home/xandr4ik/web/dev.bilios.ua/public_html/admin/simplepars/cache_page/1/78ac02e045ca156500036bd3e3297ffe.txt

2022-09-13 13:27:41| Парсинг : УСПЕШНЫЙ ЗАПРОС  | Код ответа [200] Ссылка | https://teploff.ua/collection/klyuchnitsy-i-vizitnitsy

2022-09-13 13:27:53| =>[СОЗДАН КЕШ] Ссылка | https://teploff.ua/collection/podarunkovi-nabori
2022-09-13 13:27:53| ->Файл кеша находится по адресу | /home/xandr4ik/web/dev.bilios.ua/public_html/admin/simplepars/cache_page/1/5025c98ed29608a755a48c464ef10f88.txt

2022-09-13 13:27:53| Парсинг : УСПЕШНЫЙ ЗАПРОС  | Код ответа [200] Ссылка | https://teploff.ua/collection/podarunkovi-nabori

2022-09-13 13:28:00| =>[СОЗДАН КЕШ] Ссылка | https://teploff.ua/product/classic-kozak
2022-09-13 13:28:00| ->Файл кеша находится по адресу | /home/xandr4ik/web/dev.bilios.ua/public_html/admin/simplepars/cache_page/1/c226a5e5505b5ddd9bd92fc03a8d9e52.txt

2022-09-13 13:28:00| Парсинг : УСПЕШНЫЙ ЗАПРОС  | Код ответа [200] Ссылка | https://teploff.ua/product/classic-kozak

2022-09-13 13:36:06| =>[СТРАНИЦА ЗАГРУЖЕН ИЗ КЕША] Ссылка | https://teploff.ua/collection/leather

2022-09-13 13:36:18| =>[СОЗДАН КЕШ] Ссылка | https://teploff.ua/product/кошелек-smart-kozak-с-отделом-для-монет
2022-09-13 13:36:18| ->Файл кеша находится по адресу | /home/xandr4ik/web/dev.bilios.ua/public_html/admin/simplepars/cache_page/1/930b49cec56101c5cb22773aee586b9d.txt

2022-09-13 13:36:18| Парсинг : УСПЕШНЫЙ ЗАПРОС  | Код ответа [200] Ссылка | https://teploff.ua/product/кошелек-smart-kozak-с-отделом-для-монет

2022-09-13 13:36:59| =>[СОЗДАН КЕШ] Ссылка | https://teploff.ua/product/belt-brown
2022-09-13 13:36:59| ->Файл кеша находится по адресу | /home/xandr4ik/web/dev.bilios.ua/public_html/admin/simplepars/cache_page/1/fc6b03cb914eb6f600aad7f753b4b09a.txt

2022-09-13 13:36:59| Парсинг : УСПЕШНЫЙ ЗАПРОС  | Код ответа [200] Ссылка | https://teploff.ua/product/belt-brown

2022-09-13 15:30:05| =>[СОЗДАН КЕШ] Ссылка | https://teploff.ua/collection/kozak
2022-09-13 15:30:05| ->Файл кеша находится по адресу | /home/xandr4ik/web/dev.bilios.ua/public_html/admin/simplepars/cache_page/1/9ee21042115c35df470a72154f941136.txt

2022-09-13 15:30:05| Парсинг : УСПЕШНЫЙ ЗАПРОС  | Код ответа [200] Ссылка | https://teploff.ua/collection/kozak

2022-09-13 15:30:31| =>[СОЗДАН КЕШ] Ссылка | https://teploff.ua/product/backpack-denver
2022-09-13 15:30:31| ->Файл кеша находится по адресу | /home/xandr4ik/web/dev.bilios.ua/public_html/admin/simplepars/cache_page/1/fd783daf6438b57bc4ef90340a9ba814.txt

2022-09-13 15:30:31| Парсинг : УСПЕШНЫЙ ЗАПРОС  | Код ответа [200] Ссылка | https://teploff.ua/product/backpack-denver

2022-09-13 15:30:32| =>[СОЗДАН КЕШ] Ссылка | https://teploff.ua/product/backpack-denver
2022-09-13 15:30:32| ->Файл кеша находится по адресу | /home/xandr4ik/web/dev.bilios.ua/public_html/admin/simplepars/cache_page/1/fd783daf6438b57bc4ef90340a9ba814.txt

2022-09-13 15:30:32| Парсинг : УСПЕШНЫЙ ЗАПРОС  | Код ответа [200] Ссылка | https://teploff.ua/product/backpack-denver

2022-09-13 15:30:37| =>[СОЗДАН КЕШ] Ссылка | https://teploff.ua/collection/gravirovki
2022-09-13 15:30:37| ->Файл кеша находится по адресу | /home/xandr4ik/web/dev.bilios.ua/public_html/admin/simplepars/cache_page/1/4ad1c84c2bfe921b0a5309820d7b68ed.txt

2022-09-13 15:30:37| Парсинг : УСПЕШНЫЙ ЗАПРОС  | Код ответа [200] Ссылка | https://teploff.ua/collection/gravirovki

2022-09-13 15:30:42| =>[СОЗДАН КЕШ] Ссылка | https://teploff.ua/product/zipper-keykeeper-man-flotar
2022-09-13 15:30:42| ->Файл кеша находится по адресу | /home/xandr4ik/web/dev.bilios.ua/public_html/admin/simplepars/cache_page/1/eabd40620b688f073bedab77a6af6658.txt

2022-09-13 15:30:42| Парсинг : УСПЕШНЫЙ ЗАПРОС  | Код ответа [200] Ссылка | https://teploff.ua/product/zipper-keykeeper-man-flotar

2022-09-13 16:35:20| =>[СОЗДАН КЕШ] Ссылка | https://teploff.ua/collection/nft
2022-09-13 16:35:20| ->Файл кеша находится по адресу | /home/xandr4ik/web/dev.bilios.ua/public_html/admin/simplepars/cache_page/1/95fcea742c3c78c8857abbf0b2633069.txt

2022-09-13 16:35:20| Парсинг : УСПЕШНЫЙ ЗАПРОС  | Код ответа [200] Ссылка | https://teploff.ua/collection/nft

2022-09-13 16:35:29| =>[СОЗДАН КЕШ] Ссылка | https://teploff.ua/collection/koshelki-i-portmone
2022-09-13 16:35:29| ->Файл кеша находится по адресу | /home/xandr4ik/web/dev.bilios.ua/public_html/admin/simplepars/cache_page/1/cfa9729210923eaed7adf28352881c25.txt

2022-09-13 16:35:29| Парсинг : УСПЕШНЫЙ ЗАПРОС  | Код ответа [200] Ссылка | https://teploff.ua/collection/koshelki-i-portmone

2022-09-13 16:37:01| =>[СОЗДАН КЕШ] Ссылка | https://teploff.ua/collection/man-wallets
2022-09-13 16:37:01| ->Файл кеша находится по адресу | /home/xandr4ik/web/dev.bilios.ua/public_html/admin/simplepars/cache_page/1/480a29f07d8978ef8856c154f259786d.txt

2022-09-13 16:37:01| Парсинг : УСПЕШНЫЙ ЗАПРОС  | Код ответа [200] Ссылка | https://teploff.ua/collection/man-wallets

2022-09-13 16:37:02| =>[СОЗДАН КЕШ] Ссылка | https://teploff.ua/\"/page/oferta\" target=\"blank\"
2022-09-13 16:37:02| ->Файл кеша находится по адресу | /home/xandr4ik/web/dev.bilios.ua/public_html/admin/simplepars/cache_page/1/396b3bda93f6ae48a53580e0a6a1a0ec.txt

2022-09-13 16:37:02| =>[СОЗДАН КЕШ] Ссылка | https://teploff.ua/
2022-09-13 16:37:02| ->Файл кеша находится по адресу | /home/xandr4ik/web/dev.bilios.ua/public_html/admin/simplepars/cache_page/1/384f67d6f086734902159d900121a590.txt

2022-09-13 16:37:02| =>[СОЗДАН КЕШ] Ссылка | https://teploff.ua/favorites
2022-09-13 16:37:02| ->Файл кеша находится по адресу | /home/xandr4ik/web/dev.bilios.ua/public_html/admin/simplepars/cache_page/1/bcd7ef4ba980f7ab769c7e863768a90c.txt

2022-09-13 16:37:02| Парсинг : ОТВЕТ  | Страница не найдена. Ответ сервера [404] Ссылка | https://teploff.ua/\"/page/oferta\" target=\"blank\"

2022-09-13 16:37:02| Парсинг : УСПЕШНЫЙ ЗАПРОС  | Код ответа [200] Ссылка | https://teploff.ua/

2022-09-13 16:37:02| Парсинг : УСПЕШНЫЙ ЗАПРОС  | Код ответа [200] Ссылка | https://teploff.ua/favorites

2022-09-13 16:37:02| =>[СТРАНИЦА ЗАГРУЖЕН ИЗ КЕША] Ссылка | https://teploff.ua/client_account/orders

2022-09-13 16:37:02| =>[СТРАНИЦА ЗАГРУЖЕН ИЗ КЕША] Ссылка | https://teploff.ua/compares

2022-09-13 16:40:06| =>[СТРАНИЦА ЗАГРУЖЕН ИЗ КЕША] Ссылка | https://teploff.ua/collection/man-wallets
